#
# A fatal error has been detected by the Java Runtime Environment:
#
#  EXCEPTION_ACCESS_VIOLATION (0xc0000005) at pc=0x71664b03, pid=492, tid=14536
#
# JRE version: Java(TM) SE Runtime Environment (8.0_66-b17) (build 1.8.0_66-b17)
# Java VM: Java HotSpot(TM) Client VM (25.66-b17 mixed mode windows-x86 )
# Problematic frame:
# C  [GoogleInputTools.ime+0x84b03]
#
# Failed to write core dump. Minidumps are not enabled by default on client versions of Windows
#
# If you would like to submit a bug report, please visit:
#   http://bugreport.java.com/bugreport/crash.jsp
# The crash happened outside the Java Virtual Machine in native code.
# See problematic frame for where to report the bug.
#

---------------  T H R E A D  ---------------

Current thread (0x262eb800):  JavaThread "AWT-Windows" daemon [_thread_in_native, id=14536, stack(0x268b0000,0x26900000)]

siginfo: ExceptionCode=0xc0000005, reading address 0x00000000

Registers:
EAX=0x00000000, EBX=0x26afe890, ECX=0x00000000, EDX=0x00000000
ESP=0x268ff528, EBP=0x268ff5ac, ESI=0x26b0f830, EDI=0x26afe548
EIP=0x71664b03, EFLAGS=0x00010246

Top of Stack: (sp=0x268ff528)
0x268ff528:   e2f380f4 26afe548 26b0f830 00000000
0x268ff538:   7540257c e2f38098 26afe54c 26b0f830
0x268ff548:   7166b7ea 26b04900 e2f380ec 268ff574
0x268ff558:   71693e88 ffffffff 71664bf6 e2f380b0
0x268ff568:   26afe54c 26b0f830 e2f380b4 268ff59c
0x268ff578:   71692e68 00000000 71663cc4 e2f38050
0x268ff588:   26afec98 26afec9c 26b0f830 00000000
0x268ff598:   26b0fd70 268ff604 7169a428 00000000 

Instructions: (pc=0x71664b03)
0x71664ae3:   16 a8 01 75 09 80 bf 4c 01 00 00 00 74 09 83 bf
0x71664af3:   e8 00 00 00 00 75 1a 8b 4f 24 8b 97 f4 00 00 00
0x71664b03:   8b 01 8b 40 04 52 81 c7 d8 00 00 00 57 ff d0 eb
0x71664b13:   5a 33 c9 6a 01 b8 a0 b6 6a 71 8d 74 24 10 c7 44 


Register to memory mapping:

EAX=0x00000000 is an unknown value
EBX=0x26afe890 is an unknown value
ECX=0x00000000 is an unknown value
EDX=0x00000000 is an unknown value
ESP=0x268ff528 is pointing into the stack for thread: 0x262eb800
EBP=0x268ff5ac is pointing into the stack for thread: 0x262eb800
ESI=0x26b0f830 is an unknown value
EDI=0x26afe548 is an unknown value


Stack: [0x268b0000,0x26900000],  sp=0x268ff528,  free space=317k
Native frames: (J=compiled Java code, j=interpreted, Vv=VM code, C=native code)
C  [GoogleInputTools.ime+0x84b03]
C  [GoogleInputTools.ime+0x81b4d]
C  [GoogleInputTools.ime+0x91df7]

Java frames: (J=compiled Java code, j=interpreted, Vv=VM code)
j  sun.awt.windows.WToolkit.eventLoop()V+0
j  sun.awt.windows.WToolkit.run()V+58
j  java.lang.Thread.run()V+11
v  ~StubRoutines::call_stub

---------------  P R O C E S S  ---------------

Java Threads: ( => current thread )
  0x284a2400 JavaThread "DestroyJavaVM" [_thread_blocked, id=15172, stack(0x02cb0000,0x02d00000)]
  0x2643ac00 JavaThread "AWT-EventQueue-0" [_thread_in_native, id=1812, stack(0x29080000,0x290d0000)]
  0x2643d800 JavaThread "AWT-Shutdown" [_thread_blocked, id=7396, stack(0x28ff0000,0x29040000)]
  0x2643d000 JavaThread "TimerQueue" daemon [_thread_blocked, id=14448, stack(0x28d60000,0x28db0000)]
  0x263d7800 JavaThread "cc.arduino.packages.discoverers.network.BoardReachabilityFilter" [_thread_blocked, id=14148, stack(0x274f0000,0x27540000)]
  0x263c8000 JavaThread "cc.arduino.packages.discoverers.network.NetworkChecker" [_thread_blocked, id=14360, stack(0x27460000,0x274b0000)]
  0x26329c00 JavaThread "cc.arduino.packages.discoverers.serial.SerialBoardsLister" [_thread_blocked, id=7172, stack(0x02f30000,0x02f80000)]
=>0x262eb800 JavaThread "AWT-Windows" daemon [_thread_in_native, id=14536, stack(0x268b0000,0x26900000)]
  0x262ea800 JavaThread "Java2D Disposer" daemon [_thread_blocked, id=1620, stack(0x26790000,0x267e0000)]
  0x25bf0000 JavaThread "Service Thread" daemon [_thread_blocked, id=9972, stack(0x26180000,0x261d0000)]
  0x25bf9800 JavaThread "C1 CompilerThread0" daemon [_thread_blocked, id=11088, stack(0x260f0000,0x26140000)]
  0x25bf8800 JavaThread "Attach Listener" daemon [_thread_blocked, id=13328, stack(0x26060000,0x260b0000)]
  0x25bf6400 JavaThread "Signal Dispatcher" daemon [_thread_blocked, id=12328, stack(0x25fd0000,0x26020000)]
  0x25bc8800 JavaThread "Finalizer" daemon [_thread_blocked, id=12620, stack(0x25e50000,0x25ea0000)]
  0x25bc3800 JavaThread "Reference Handler" daemon [_thread_blocked, id=10148, stack(0x25dc0000,0x25e10000)]

Other Threads:
  0x02e2c800 VMThread [stack: 0x25b70000,0x25bc0000] [id=15200]
  0x25c1e000 WatcherThread [stack: 0x26210000,0x26260000] [id=14628]

VM state:not at safepoint (normal execution)

VM Mutex/Monitor currently owned by a thread: None

Heap:
 def new generation   total 39424K, used 13679K [0x05600000, 0x080c0000, 0x100a0000)
  eden space 35072K,  37% used [0x05600000, 0x062c7420, 0x07840000)
  from space 4352K,  13% used [0x07c80000, 0x07d149e8, 0x080c0000)
  to   space 4352K,   0% used [0x07840000, 0x07840000, 0x07c80000)
 tenured generation   total 87424K, used 29965K [0x100a0000, 0x15600000, 0x25600000)
   the space 87424K,  34% used [0x100a0000, 0x11de3410, 0x11de3600, 0x15600000)
 Metaspace       used 16308K, capacity 16717K, committed 16768K, reserved 16768K

Card table byte_map: [0x25600000,0x25710000] byte_map_base: 0x255d5000

Polling page: 0x02d00000

CodeCache: size=32768Kb used=1650Kb max_used=3445Kb free=31117Kb
 bounds [0x03490000, 0x037f0000, 0x05490000]
 total_blobs=1049 nmethods=782 adapters=195
 compilation: enabled

Compilation events (10 events):
Event: 8427.763 Thread 0x25bf9800 7323             javax.swing.text.AbstractDocument$LeafElement::getEndOffset (10 bytes)
Event: 8427.763 Thread 0x25bf9800 nmethod 7323 0x03544f08 code [0x03545010, 0x035450dc]
Event: 8427.817 Thread 0x25bf9800 7324             java.awt.Component::getTreeLock (4 bytes)
Event: 8427.817 Thread 0x25bf9800 nmethod 7324 0x03533848 code [0x03533940, 0x035339c0]
Event: 8427.925 Thread 0x25bf9800 7325             java.awt.Component::contains (7 bytes)
Event: 8427.925 Thread 0x25bf9800 nmethod 7325 0x0355b708 code [0x0355b800, 0x0355b8c0]
Event: 8427.931 Thread 0x25bf9800 7326             org.fife.ui.rsyntaxtextarea.modes.CPlusPlusTokenMaker::yylex (1072 bytes)
Event: 8427.934 Thread 0x25bf9800 nmethod 7326 0x0369d788 code [0x0369db50, 0x0369f4cc]
Event: 8428.532 Thread 0x25bf9800 7327             java.awt.geom.Point2D::<init> (5 bytes)
Event: 8428.532 Thread 0x25bf9800 nmethod 7327 0x037ad288 code [0x037ad380, 0x037ad400]

GC Heap History (10 events):
Event: 3276.219 GC heap before
{Heap before GC invocations=15 (full 1):
 def new generation   total 39424K, used 36895K [0x05600000, 0x080c0000, 0x100a0000)
  eden space 35072K, 100% used [0x05600000, 0x07840000, 0x07840000)
  from space 4352K,  41% used [0x07840000, 0x07a07e70, 0x07c80000)
  to   space 4352K,   0% used [0x07c80000, 0x07c80000, 0x080c0000)
 tenured generation   total 87424K, used 29965K [0x100a0000, 0x15600000, 0x25600000)
   the space 87424K,  34% used [0x100a0000, 0x11de3410, 0x11de3600, 0x15600000)
 Metaspace       used 16297K, capacity 16717K, committed 16768K, reserved 16768K
Event: 3276.226 GC heap after
Heap after GC invocations=16 (full 1):
 def new generation   total 39424K, used 609K [0x05600000, 0x080c0000, 0x100a0000)
  eden space 35072K,   0% used [0x05600000, 0x05600000, 0x07840000)
  from space 4352K,  13% used [0x07c80000, 0x07d184e8, 0x080c0000)
  to   space 4352K,   0% used [0x07840000, 0x07840000, 0x07c80000)
 tenured generation   total 87424K, used 29965K [0x100a0000, 0x15600000, 0x25600000)
   the space 87424K,  34% used [0x100a0000, 0x11de3410, 0x11de3600, 0x15600000)
 Metaspace       used 16297K, capacity 16717K, committed 16768K, reserved 16768K
}
Event: 3572.569 GC heap before
{Heap before GC invocations=16 (full 1):
 def new generation   total 39424K, used 35681K [0x05600000, 0x080c0000, 0x100a0000)
  eden space 35072K, 100% used [0x05600000, 0x07840000, 0x07840000)
  from space 4352K,  13% used [0x07c80000, 0x07d184e8, 0x080c0000)
  to   space 4352K,   0% used [0x07840000, 0x07840000, 0x07c80000)
 tenured generation   total 87424K, used 29965K [0x100a0000, 0x15600000, 0x25600000)
   the space 87424K,  34% used [0x100a0000, 0x11de3410, 0x11de3600, 0x15600000)
 Metaspace       used 16297K, capacity 16717K, committed 16768K, reserved 16768K
Event: 3572.572 GC heap after
Heap after GC invocations=17 (full 1):
 def new generation   total 39424K, used 1797K [0x05600000, 0x080c0000, 0x100a0000)
  eden space 35072K,   0% used [0x05600000, 0x05600000, 0x07840000)
  from space 4352K,  41% used [0x07840000, 0x07a01670, 0x07c80000)
  to   space 4352K,   0% used [0x07c80000, 0x07c80000, 0x080c0000)
 tenured generation   total 87424K, used 29965K [0x100a0000, 0x15600000, 0x25600000)
   the space 87424K,  34% used [0x100a0000, 0x11de3410, 0x11de3600, 0x15600000)
 Metaspace       used 16297K, capacity 16717K, committed 16768K, reserved 16768K
}
Event: 3850.826 GC heap before
{Heap before GC invocations=17 (full 1):
 def new generation   total 39424K, used 36869K [0x05600000, 0x080c0000, 0x100a0000)
  eden space 35072K, 100% used [0x05600000, 0x07840000, 0x07840000)
  from space 4352K,  41% used [0x07840000, 0x07a01670, 0x07c80000)
  to   space 4352K,   0% used [0x07c80000, 0x07c80000, 0x080c0000)
 tenured generation   total 87424K, used 29965K [0x100a0000, 0x15600000, 0x25600000)
   the space 87424K,  34% used [0x100a0000, 0x11de3410, 0x11de3600, 0x15600000)
 Metaspace       used 16297K, capacity 16717K, committed 16768K, reserved 16768K
Event: 3850.833 GC heap after
Heap after GC invocations=18 (full 1):
 def new generation   total 39424K, used 1433K [0x05600000, 0x080c0000, 0x100a0000)
  eden space 35072K,   0% used [0x05600000, 0x05600000, 0x07840000)
  from space 4352K,  32% used [0x07c80000, 0x07de6470, 0x080c0000)
  to   space 4352K,   0% used [0x07840000, 0x07840000, 0x07c80000)
 tenured generation   total 87424K, used 29965K [0x100a0000, 0x15600000, 0x25600000)
   the space 87424K,  34% used [0x100a0000, 0x11de3410, 0x11de3600, 0x15600000)
 Metaspace       used 16297K, capacity 16717K, committed 16768K, reserved 16768K
}
Event: 4162.934 GC heap before
{Heap before GC invocations=18 (full 1):
 def new generation   total 39424K, used 36505K [0x05600000, 0x080c0000, 0x100a0000)
  eden space 35072K, 100% used [0x05600000, 0x07840000, 0x07840000)
  from space 4352K,  32% used [0x07c80000, 0x07de6470, 0x080c0000)
  to   space 4352K,   0% used [0x07840000, 0x07840000, 0x07c80000)
 tenured generation   total 87424K, used 29965K [0x100a0000, 0x15600000, 0x25600000)
   the space 87424K,  34% used [0x100a0000, 0x11de3410, 0x11de3600, 0x15600000)
 Metaspace       used 16297K, capacity 16717K, committed 16768K, reserved 16768K
Event: 4162.941 GC heap after
Heap after GC invocations=19 (full 1):
 def new generation   total 39424K, used 596K [0x05600000, 0x080c0000, 0x100a0000)
  eden space 35072K,   0% used [0x05600000, 0x05600000, 0x07840000)
  from space 4352K,  13% used [0x07840000, 0x078d5298, 0x07c80000)
  to   space 4352K,   0% used [0x07c80000, 0x07c80000, 0x080c0000)
 tenured generation   total 87424K, used 29965K [0x100a0000, 0x15600000, 0x25600000)
   the space 87424K,  34% used [0x100a0000, 0x11de3410, 0x11de3600, 0x15600000)
 Metaspace       used 16297K, capacity 16717K, committed 16768K, reserved 16768K
}
Event: 4472.098 GC heap before
{Heap before GC invocations=19 (full 1):
 def new generation   total 39424K, used 35668K [0x05600000, 0x080c0000, 0x100a0000)
  eden space 35072K, 100% used [0x05600000, 0x07840000, 0x07840000)
  from space 4352K,  13% used [0x07840000, 0x078d5298, 0x07c80000)
  to   space 4352K,   0% used [0x07c80000, 0x07c80000, 0x080c0000)
 tenured generation   total 87424K, used 29965K [0x100a0000, 0x15600000, 0x25600000)
   the space 87424K,  34% used [0x100a0000, 0x11de3410, 0x11de3600, 0x15600000)
 Metaspace       used 16297K, capacity 16717K, committed 16768K, reserved 16768K
Event: 4472.105 GC heap after
Heap after GC invocations=20 (full 1):
 def new generation   total 39424K, used 594K [0x05600000, 0x080c0000, 0x100a0000)
  eden space 35072K,   0% used [0x05600000, 0x05600000, 0x07840000)
  from space 4352K,  13% used [0x07c80000, 0x07d149e8, 0x080c0000)
  to   space 4352K,   0% used [0x07840000, 0x07840000, 0x07c80000)
 tenured generation   total 87424K, used 29965K [0x100a0000, 0x15600000, 0x25600000)
   the space 87424K,  34% used [0x100a0000, 0x11de3410, 0x11de3600, 0x15600000)
 Metaspace       used 16297K, capacity 16717K, committed 16768K, reserved 16768K
}

Deoptimization events (0 events):
No events

Internal exceptions (10 events):
Event: 87.859 Thread 0x284a6400 Exception <a 'sun/nio/fs/WindowsException'> (0x060cecd8) thrown at [C:\re\workspace\8-2-build-windows-i586-cygwin\jdk8u66\4988\hotspot\src\share\vm\prims\jni.cpp, line 709]
Event: 87.864 Thread 0x284a6400 Exception <a 'java/io/IOException'> (0x060d49d0) thrown at [C:\re\workspace\8-2-build-windows-i586-cygwin\jdk8u66\4988\hotspot\src\share\vm\prims\jni.cpp, line 709]
Event: 87.864 Thread 0x284a6400 Exception <a 'java/io/IOException'> (0x060d4d70) thrown at [C:\re\workspace\8-2-build-windows-i586-cygwin\jdk8u66\4988\hotspot\src\share\vm\prims\jni.cpp, line 709]
Event: 87.864 Thread 0x284a6400 Exception <a 'java/io/IOException'> (0x060d4fb8) thrown at [C:\re\workspace\8-2-build-windows-i586-cygwin\jdk8u66\4988\hotspot\src\share\vm\prims\jni.cpp, line 709]
Event: 87.871 Thread 0x284a6400 Exception <a 'java/io/IOException'> (0x060d92e8) thrown at [C:\re\workspace\8-2-build-windows-i586-cygwin\jdk8u66\4988\hotspot\src\share\vm\prims\jni.cpp, line 709]
Event: 87.871 Thread 0x284a6400 Exception <a 'java/io/IOException'> (0x060d9688) thrown at [C:\re\workspace\8-2-build-windows-i586-cygwin\jdk8u66\4988\hotspot\src\share\vm\prims\jni.cpp, line 709]
Event: 87.871 Thread 0x284a6400 Exception <a 'java/io/IOException'> (0x060d98d0) thrown at [C:\re\workspace\8-2-build-windows-i586-cygwin\jdk8u66\4988\hotspot\src\share\vm\prims\jni.cpp, line 709]
Event: 8408.726 Thread 0x26434800 Exception <a 'java/net/SocketException': socket closed> (0x05f2d158) thrown at [C:\re\workspace\8-2-build-windows-i586-cygwin\jdk8u66\4988\hotspot\src\share\vm\prims\jni.cpp, line 735]
Event: 8414.747 Thread 0x263c8000 Exception <a 'java/net/SocketException': error setting options> (0x05e7fd30) thrown at [C:\re\workspace\8-2-build-windows-i586-cygwin\jdk8u66\4988\hotspot\src\share\vm\prims\jni.cpp, line 735]
Event: 8414.747 Thread 0x2643c000 Exception <a 'java/net/SocketException': socket closed> (0x060ae208) thrown at [C:\re\workspace\8-2-build-windows-i586-cygwin\jdk8u66\4988\hotspot\src\share\vm\prims\jni.cpp, line 735]

Events (10 events):
Event: 8426.474 Thread 0x25bf9800 flushing nmethod 0x03572dc8
Event: 8426.474 Thread 0x25bf9800 flushing nmethod 0x03573088
Event: 8427.000 Thread 0x25bf9800 flushing nmethod 0x036e6b88
Event: 8427.001 Thread 0x25bf9800 flushing nmethod 0x037e2848
Event: 8427.722 Thread 0x25bf9800 flushing nmethod 0x0354e4c8
Event: 8427.722 Thread 0x25bf9800 flushing nmethod 0x035599c8
Event: 8427.763 Thread 0x25bf9800 flushing nmethod 0x036a1a48
Event: 8427.817 Thread 0x25bf9800 flushing nmethod 0x0370abc8
Event: 8428.532 Thread 0x25bf9800 flushing nmethod 0x0355c488
Event: 8428.532 Thread 0x25bf9800 flushing nmethod 0x035bd948


Dynamic libraries:
0x00ec0000 - 0x00ef3000 	E:\installed apps\Arduino1.6.7\java\bin\javaw.exe
0x77760000 - 0x778e2000 	C:\WINDOWS\SYSTEM32\ntdll.dll
0x74a40000 - 0x74b20000 	C:\WINDOWS\System32\KERNEL32.DLL
0x74140000 - 0x742e1000 	C:\WINDOWS\System32\KERNELBASE.dll
0x74f30000 - 0x74fa7000 	C:\WINDOWS\System32\ADVAPI32.dll
0x74980000 - 0x74a3e000 	C:\WINDOWS\System32\msvcrt.dll
0x742f0000 - 0x74331000 	C:\WINDOWS\System32\sechost.dll
0x748b0000 - 0x74971000 	C:\WINDOWS\System32\RPCRT4.dll
0x74120000 - 0x7413e000 	C:\WINDOWS\System32\SspiCli.dll
0x75130000 - 0x7513a000 	C:\WINDOWS\System32\CRYPTBASE.dll
0x746d0000 - 0x7472a000 	C:\WINDOWS\System32\bcryptPrimitives.dll
0x75830000 - 0x7598f000 	C:\WINDOWS\System32\USER32.dll
0x75400000 - 0x75415000 	C:\WINDOWS\System32\win32u.dll
0x753a0000 - 0x753cb000 	C:\WINDOWS\System32\GDI32.dll
0x75230000 - 0x7538b000 	C:\WINDOWS\System32\gdi32full.dll
0x719d0000 - 0x71bda000 	C:\WINDOWS\WinSxS\x86_microsoft.windows.common-controls_6595b64144ccf1df_6.0.14393.0_none_74bc87d3d22d9abe\COMCTL32.dll
0x74be0000 - 0x74df1000 	C:\WINDOWS\System32\combase.dll
0x75c50000 - 0x75d30000 	C:\WINDOWS\System32\ucrtbase.dll
0x74e00000 - 0x74e25000 	C:\WINDOWS\System32\IMM32.DLL
0x56e70000 - 0x56f2f000 	E:\installed apps\Arduino1.6.7\java\bin\msvcr100.dll
0x527e0000 - 0x52ba5000 	E:\installed apps\Arduino1.6.7\java\bin\client\jvm.dll
0x75390000 - 0x75396000 	C:\WINDOWS\System32\PSAPI.DLL
0x722d0000 - 0x722f4000 	C:\WINDOWS\SYSTEM32\WINMM.dll
0x73b60000 - 0x73b68000 	C:\WINDOWS\SYSTEM32\VERSION.dll
0x72d10000 - 0x72d18000 	C:\WINDOWS\SYSTEM32\WSOCK32.dll
0x74b20000 - 0x74b83000 	C:\WINDOWS\System32\WS2_32.dll
0x00fd0000 - 0x00ff3000 	C:\WINDOWS\SYSTEM32\WINMMBASE.dll
0x744d0000 - 0x74506000 	C:\WINDOWS\System32\cfgmgr32.dll
0x571c0000 - 0x571f1000 	E:\installed apps\Arduino1.6.7\java\bin\splashscreen.dll
0x72300000 - 0x72375000 	C:\WINDOWS\system32\uxtheme.dll
0x59480000 - 0x5948c000 	E:\installed apps\Arduino1.6.7\java\bin\verify.dll
0x74510000 - 0x74646000 	C:\WINDOWS\System32\MSCTF.dll
0x74430000 - 0x744c4000 	C:\WINDOWS\System32\OLEAUT32.dll
0x74650000 - 0x746cb000 	C:\WINDOWS\System32\msvcp_win.dll
0x56e40000 - 0x56e61000 	E:\installed apps\Arduino1.6.7\java\bin\java.dll
0x753f0000 - 0x753fd000 	C:\WINDOWS\System32\kernel.appcore.dll
0x56e20000 - 0x56e33000 	E:\installed apps\Arduino1.6.7\java\bin\zip.dll
0x75e00000 - 0x771d7000 	C:\WINDOWS\System32\SHELL32.dll
0x771e0000 - 0x7774e000 	C:\WINDOWS\System32\windows.storage.dll
0x75da0000 - 0x75de5000 	C:\WINDOWS\System32\powrprof.dll
0x751e0000 - 0x75226000 	C:\WINDOWS\System32\shlwapi.dll
0x74fb0000 - 0x75038000 	C:\WINDOWS\System32\shcore.dll
0x77750000 - 0x7775f000 	C:\WINDOWS\System32\profapi.dll
0x56590000 - 0x566d5000 	E:\installed apps\Arduino1.6.7\java\bin\awt.dll
0x72be0000 - 0x72c72000 	C:\WINDOWS\SYSTEM32\apphelp.dll
0x72250000 - 0x7226f000 	C:\WINDOWS\system32\dwmapi.dll
0x75b00000 - 0x75bea000 	C:\WINDOWS\System32\ole32.dll
0x56de0000 - 0x56e19000 	E:\installed apps\Arduino1.6.7\java\bin\fontmanager.dll
0x56a70000 - 0x56a86000 	E:\installed apps\Arduino1.6.7\java\bin\net.dll
0x72a60000 - 0x72aae000 	C:\WINDOWS\system32\mswsock.dll
0x57b00000 - 0x57b0f000 	E:\installed apps\Arduino1.6.7\java\bin\nio.dll
0x56a40000 - 0x56a70000 	E:\installed apps\Arduino1.6.7\java\bin\t2k.dll
0x72c80000 - 0x72caf000 	C:\WINDOWS\SYSTEM32\IPHLPAPI.DLL
0x75df0000 - 0x75df7000 	C:\WINDOWS\System32\NSI.dll
0x72270000 - 0x72283000 	C:\WINDOWS\SYSTEM32\dhcpcsvc6.DLL
0x72230000 - 0x72244000 	C:\WINDOWS\SYSTEM32\dhcpcsvc.DLL
0x72d90000 - 0x72da3000 	C:\WINDOWS\SYSTEM32\CRYPTSP.dll
0x72d60000 - 0x72d8f000 	C:\WINDOWS\system32\rsaenh.dll
0x734e0000 - 0x734fb000 	C:\WINDOWS\SYSTEM32\bcrypt.dll
0x73b10000 - 0x73b2a000 	C:\WINDOWS\SYSTEM32\USERENV.dll
0x723f0000 - 0x7246c000 	C:\WINDOWS\SYSTEM32\DNSAPI.dll
0x71950000 - 0x71971000 	C:\Program Files (x86)\Bonjour\mdnsNSP.dll
0x72390000 - 0x72398000 	C:\Windows\System32\rasadhlp.dll
0x71850000 - 0x71899000 	C:\WINDOWS\System32\fwpuclnt.dll
0x279b0000 - 0x279ed000 	C:\Users\kvng\AppData\Local\Temp\jna-3304548\jna381396869454125690.dll
0x64000000 - 0x6401b000 	C:\Users\kvng\.jssc\windows\jSSC-2.8_x86.dll
0x569d0000 - 0x56a39000 	E:\installed apps\Arduino1.6.7\msvcp100.dll
0x564d0000 - 0x5658e000 	E:\installed apps\Arduino1.6.7\msvcr100.dll
0x267e0000 - 0x26812000 	E:\installed apps\Arduino1.6.7\lib\AStylej.dll
0x75150000 - 0x751d4000 	C:\WINDOWS\System32\clbcatq.dll
0x69580000 - 0x696ee000 	C:\WINDOWS\SYSTEM32\WindowsCodecs.dll
0x712f0000 - 0x71334000 	C:\WINDOWS\system32\dataexchange.dll
0x68740000 - 0x68853000 	C:\WINDOWS\system32\dcomp.dll
0x68510000 - 0x68740000 	C:\WINDOWS\system32\d3d11.dll
0x694f0000 - 0x69574000 	C:\WINDOWS\system32\dxgi.dll
0x68410000 - 0x68501000 	C:\WINDOWS\system32\twinapi.appcore.dll
0x66cd0000 - 0x66d1e000 	C:\WINDOWS\system32\Ninput.dll
0x715e0000 - 0x716d4000 	C:\WINDOWS\system32\GoogleInputTools.ime
0x73970000 - 0x73ab5000 	C:\WINDOWS\system32\dbghelp.dll
0x71bf0000 - 0x71bf6000 	C:\WINDOWS\system32\MSIMG32.dll
0x716e0000 - 0x71849000 	C:\WINDOWS\WinSxS\x86_microsoft.windows.gdiplus_6595b64144ccf1df_1.1.14393.187_none_bab139cc35912856\gdiplus.dll
0x73500000 - 0x73525000 	C:\WINDOWS\system32\dbgcore.DLL
0x72db0000 - 0x72dd8000 	C:\WINDOWS\SYSTEM32\ntmarta.dll

VM Arguments:
jvm_args: -Dsun.java2d.d3d=false -DAPP_DIR=E:\installed apps\Arduino1.6.7 -Xms128M -Xmx512M 
java_command: processing.app.Base C:\Users\kvng\Dropbox\arduino workspace\0 Tilt rotor plane\think_big_-_try_big\think_big_-_try_big.ino
java_class_path (initial): E:\installed apps\Arduino1.6.7\lib\apple.jar;E:\installed apps\Arduino1.6.7\lib\arduino-core.jar;E:\installed apps\Arduino1.6.7\lib\bcpg-jdk15on-152.jar;E:\installed apps\Arduino1.6.7\lib\bcprov-jdk15on-152.jar;E:\installed apps\Arduino1.6.7\lib\commons-codec-1.7.jar;E:\installed apps\Arduino1.6.7\lib\commons-compress-1.8.jar;E:\installed apps\Arduino1.6.7\lib\commons-exec-1.1.jar;E:\installed apps\Arduino1.6.7\lib\commons-httpclient-3.1.jar;E:\installed apps\Arduino1.6.7\lib\commons-lang3-3.3.2.jar;E:\installed apps\Arduino1.6.7\lib\commons-logging-1.0.4.jar;E:\installed apps\Arduino1.6.7\lib\commons-net-3.3.jar;E:\installed apps\Arduino1.6.7\lib\ecj.jar;E:\installed apps\Arduino1.6.7\lib\jackson-annotations-2.6.3.jar;E:\installed apps\Arduino1.6.7\lib\jackson-core-2.6.3.jar;E:\installed apps\Arduino1.6.7\lib\jackson-databind-2.6.3.jar;E:\installed apps\Arduino1.6.7\lib\jackson-module-mrbean-2.6.3.jar;E:\installed apps\Arduino1.6.7\lib\java-semver-0.8.0.jar;E:\installed apps\Arduino1.6.7\lib\jmdns-3.4.1.jar;E:\installed apps\Arduino1.6.7\lib\jna-4.1.0.jar;E:\installed apps\Arduino1.6.7\lib\jna-platform-4.1.0.jar;E:\installed apps\Arduino1.6.7\lib\jsch-0.1.50.jar;E:\installed apps\Arduino1.6.7\lib\jssc-2.8.0.jar;E:\installed apps\Arduino1.6.7\lib\pde.jar;E:\installed apps\Arduino1.6.7\lib\rsyntaxtextarea-2.5.8.1+arduino.jar
Launcher Type: SUN_STANDARD

Environment Variables:
PATH=C:\Program Files (x86)\Intel\iCLS Client\;C:\Program Files\Intel\iCLS Client\;C:\WINDOWS\system32;C:\WINDOWS;C:\WINDOWS\System32\Wbem;C:\WINDOWS\System32\WindowsPowerShell\v1.0\;C:\Program Files\Intel\Intel(R) Management Engine Components\DAL;C:\Program Files (x86)\Intel\Intel(R) Management Engine Components\DAL;C:\Program Files\Intel\Intel(R) Management Engine Components\IPT;C:\Program Files (x86)\Intel\Intel(R) Management Engine Components\IPT;C:\Program Files (x86)\Skype\Phone\;C:\Program Files\Intel\WiFi\bin\;C:\Program Files\Common Files\Intel\WirelessCommon\;E:\installed apps\MiKTeX\miktex\bin\;C:\Program Files (x86)\Microsoft SQL Server\110\Tools\Binn\;C:\Program Files\Microsoft SQL Server\110\Tools\Binn\;C:\Program Files\Microsoft SQL Server\110\DTS\Binn\;C:\Users\kvng\AppData\Local\Microsoft\WindowsApps;;E:\installed apps\Arduino1.6.7\java\bin
USERNAME=kvng
OS=Windows_NT
PROCESSOR_IDENTIFIER=Intel64 Family 6 Model 61 Stepping 4, GenuineIntel



---------------  S Y S T E M  ---------------

OS: Windows 10.0 , 64 bit Build 14393 (10.0.14393.0)

CPU:total 4 (2 cores per cpu, 2 threads per core) family 6 model 61 stepping 4, cmov, cx8, fxsr, mmx, sse, sse2, sse3, ssse3, sse4.1, sse4.2, popcnt, avx, avx2, aes, clmul, erms, 3dnowpref, lzcnt, ht, tsc, tscinvbit, bmi1, bmi2, adx

Memory: 4k page, physical 16685464k(12898804k free), swap 19175832k(14456232k free)

vm_info: Java HotSpot(TM) Client VM (25.66-b17) for windows-x86 JRE (1.8.0_66-b17), built on Oct  6 2015 19:59:47 by "java_re" with MS VC++ 10.0 (VS2010)

time: Sun Oct 02 10:24:15 2016
elapsed time: 8428 seconds (0d 2h 20m 28s)

