#
# A fatal error has been detected by the Java Runtime Environment:
#
#  EXCEPTION_ACCESS_VIOLATION (0xc0000005) at pc=0x71664b03, pid=7600, tid=5204
#
# JRE version: Java(TM) SE Runtime Environment (8.0_66-b17) (build 1.8.0_66-b17)
# Java VM: Java HotSpot(TM) Client VM (25.66-b17 mixed mode windows-x86 )
# Problematic frame:
# C  [GoogleInputTools.ime+0x84b03]
#
# Failed to write core dump. Minidumps are not enabled by default on client versions of Windows
#
# If you would like to submit a bug report, please visit:
#   http://bugreport.java.com/bugreport/crash.jsp
# The crash happened outside the Java Virtual Machine in native code.
# See problematic frame for where to report the bug.
#

---------------  T H R E A D  ---------------

Current thread (0x2640e800):  JavaThread "AWT-Windows" daemon [_thread_in_native, id=5204, stack(0x269d0000,0x26a20000)]

siginfo: ExceptionCode=0xc0000005, reading address 0x00000000

Registers:
EAX=0x00000000, EBX=0x26b2e860, ECX=0x00000000, EDX=0x00000000
ESP=0x26a1f578, EBP=0x26a1f5fc, ESI=0x26b28610, EDI=0x26b29cd0
EIP=0x71664b03, EFLAGS=0x00010246

Top of Stack: (sp=0x26a1f578)
0x26a1f578:   5b508961 26b29cd0 26b28610 00000000
0x26a1f588:   49c67171 5b50898d 26b29cd4 26b28610
0x26a1f598:   7166b7ea 758300e8 5b508999 26a1f5c4
0x26a1f5a8:   71693e88 ffffffff 71664bf6 5b5089a5
0x26a1f5b8:   26b29cd4 26b28610 5b5089a1 26a1f5ec
0x26a1f5c8:   71692e68 00000000 71663cc4 5b5089c5
0x26a1f5d8:   26b2a208 26b2a20c 26b28610 00000000
0x26a1f5e8:   758d80b4 26a1f654 7169a428 00000000 

Instructions: (pc=0x71664b03)
0x71664ae3:   16 a8 01 75 09 80 bf 4c 01 00 00 00 74 09 83 bf
0x71664af3:   e8 00 00 00 00 75 1a 8b 4f 24 8b 97 f4 00 00 00
0x71664b03:   8b 01 8b 40 04 52 81 c7 d8 00 00 00 57 ff d0 eb
0x71664b13:   5a 33 c9 6a 01 b8 a0 b6 6a 71 8d 74 24 10 c7 44 


Register to memory mapping:

EAX=0x00000000 is an unknown value
EBX=0x26b2e860 is an unknown value
ECX=0x00000000 is an unknown value
EDX=0x00000000 is an unknown value
ESP=0x26a1f578 is pointing into the stack for thread: 0x2640e800
EBP=0x26a1f5fc is pointing into the stack for thread: 0x2640e800
ESI=0x26b28610 is an unknown value
EDI=0x26b29cd0 is an unknown value


Stack: [0x269d0000,0x26a20000],  sp=0x26a1f578,  free space=317k
Native frames: (J=compiled Java code, j=interpreted, Vv=VM code, C=native code)
C  [GoogleInputTools.ime+0x84b03]
C  [GoogleInputTools.ime+0x81b4d]
C  [GoogleInputTools.ime+0x91df7]

Java frames: (J=compiled Java code, j=interpreted, Vv=VM code)
j  sun.awt.windows.WToolkit.eventLoop()V+0
j  sun.awt.windows.WToolkit.run()V+58
j  java.lang.Thread.run()V+11
v  ~StubRoutines::call_stub

---------------  P R O C E S S  ---------------

Java Threads: ( => current thread )
  0x2853d000 JavaThread "JmDNS(happyvikram.local.).State.Timer" [_thread_blocked, id=5160, stack(0x26ce0000,0x26d30000)]
  0x2853a000 JavaThread "DestroyJavaVM" [_thread_blocked, id=5836, stack(0x02fc0000,0x03010000)]
  0x28536000 JavaThread "Timer-0" [_thread_blocked, id=12936, stack(0x29820000,0x29870000)]
  0x266b0800 JavaThread "TimerQueue" daemon [_thread_blocked, id=2136, stack(0x29010000,0x29060000)]
  0x266ae800 JavaThread "AWT-EventQueue-0" [_thread_in_native, id=5604, stack(0x26940000,0x26990000)]
  0x266aec00 JavaThread "AWT-Shutdown" [_thread_blocked, id=13428, stack(0x03060000,0x030b0000)]
  0x26457000 JavaThread "cc.arduino.packages.discoverers.network.BoardReachabilityFilter" [_thread_blocked, id=14528, stack(0x27690000,0x276e0000)]
  0x264c5000 JavaThread "cc.arduino.packages.discoverers.network.NetworkChecker" [_thread_blocked, id=15196, stack(0x27560000,0x275b0000)]
  0x2644cc00 JavaThread "cc.arduino.packages.discoverers.serial.SerialBoardsLister" [_thread_blocked, id=13932, stack(0x274d0000,0x27520000)]
=>0x2640e800 JavaThread "AWT-Windows" daemon [_thread_in_native, id=5204, stack(0x269d0000,0x26a20000)]
  0x2640d400 JavaThread "Java2D Disposer" daemon [_thread_blocked, id=11208, stack(0x268b0000,0x26900000)]
  0x25cd5c00 JavaThread "Service Thread" daemon [_thread_blocked, id=3392, stack(0x262a0000,0x262f0000)]
  0x25cda000 JavaThread "C1 CompilerThread0" daemon [_thread_blocked, id=12224, stack(0x26210000,0x26260000)]
  0x25cd8c00 JavaThread "Attach Listener" daemon [_thread_blocked, id=4528, stack(0x26180000,0x261d0000)]
  0x25cd6c00 JavaThread "Signal Dispatcher" daemon [_thread_blocked, id=9504, stack(0x260f0000,0x26140000)]
  0x25ca8800 JavaThread "Finalizer" daemon [_thread_blocked, id=10976, stack(0x25f70000,0x25fc0000)]
  0x25ca3800 JavaThread "Reference Handler" daemon [_thread_blocked, id=7576, stack(0x25ee0000,0x25f30000)]

Other Threads:
  0x02efc800 VMThread [stack: 0x25c50000,0x25ca0000] [id=7504]
  0x25cfc400 WatcherThread [stack: 0x26330000,0x26380000] [id=14676]

VM state:not at safepoint (normal execution)

VM Mutex/Monitor currently owned by a thread: None

Heap:
 def new generation   total 39424K, used 6147K [0x05400000, 0x07ec0000, 0x0fea0000)
  eden space 35072K,  13% used [0x05400000, 0x0589b838, 0x07640000)
  from space 4352K,  32% used [0x07a80000, 0x07be57a8, 0x07ec0000)
  to   space 4352K,   0% used [0x07640000, 0x07640000, 0x07a80000)
 tenured generation   total 87424K, used 31586K [0x0fea0000, 0x15400000, 0x25400000)
   the space 87424K,  36% used [0x0fea0000, 0x11d78b30, 0x11d78c00, 0x15400000)
 Metaspace       used 16273K, capacity 16702K, committed 16768K, reserved 16768K

Card table byte_map: [0x052b0000,0x053c0000] byte_map_base: 0x05286000

Polling page: 0x02fa0000

CodeCache: size=32768Kb used=1996Kb max_used=3948Kb free=30771Kb
 bounds [0x03170000, 0x03550000, 0x05170000]
 total_blobs=1149 nmethods=882 adapters=195
 compilation: enabled

Compilation events (10 events):
Event: 2939.519 Thread 0x25cda000 2836             java.util.HashMap::<init> (98 bytes)
Event: 2939.521 Thread 0x25cda000 nmethod 2836 0x034cee48 code [0x034cefe0, 0x034cf4c8]
Event: 2942.593 Thread 0x25cda000 2837             javax.jmdns.impl.DNSOutgoing$MessageOutputStream::writeByte (10 bytes)
Event: 2942.594 Thread 0x25cda000 nmethod 2837 0x034e7508 code [0x034e7610, 0x034e786c]
Event: 2942.594 Thread 0x25cda000 2838             java.lang.String::regionMatches (149 bytes)
Event: 2942.596 Thread 0x25cda000 nmethod 2838 0x034e6c08 code [0x034e6d80, 0x034e7070]
Event: 3024.416 Thread 0x25cda000 2839             java.lang.reflect.Method::invoke (62 bytes)
Event: 3024.417 Thread 0x25cda000 nmethod 2839 0x034e6888 code [0x034e69c0, 0x034e6b1c]
Event: 3095.365 Thread 0x25cda000 2840             javax.jmdns.impl.DNSIncoming$MessageInputStream::readUnsignedShort (13 bytes)
Event: 3095.365 Thread 0x25cda000 nmethod 2840 0x034e6648 code [0x034e6750, 0x034e6808]

GC Heap History (10 events):
Event: 4.270 GC heap before
{Heap before GC invocations=3 (full 1):
 def new generation   total 39424K, used 28092K [0x05400000, 0x07ec0000, 0x0fea0000)
  eden space 35072K,  80% used [0x05400000, 0x06f6f300, 0x07640000)
  from space 4352K,   0% used [0x07640000, 0x07640000, 0x07a80000)
  to   space 4352K,   0% used [0x07a80000, 0x07a80000, 0x07ec0000)
 tenured generation   total 87424K, used 14725K [0x0fea0000, 0x15400000, 0x25400000)
   the space 87424K,  16% used [0x0fea0000, 0x10d01600, 0x10d01600, 0x15400000)
 Metaspace       used 15286K, capacity 15675K, committed 15744K, reserved 15744K
Event: 4.302 GC heap after
Heap after GC invocations=4 (full 1):
 def new generation   total 39424K, used 4352K [0x05400000, 0x07ec0000, 0x0fea0000)
  eden space 35072K,   0% used [0x05400000, 0x05400000, 0x07640000)
  from space 4352K, 100% used [0x07a80000, 0x07ec0000, 0x07ec0000)
  to   space 4352K,   0% used [0x07640000, 0x07640000, 0x07a80000)
 tenured generation   total 87424K, used 16404K [0x0fea0000, 0x15400000, 0x25400000)
   the space 87424K,  18% used [0x0fea0000, 0x10ea5110, 0x10ea5200, 0x15400000)
 Metaspace       used 15286K, capacity 15675K, committed 15744K, reserved 15744K
}
Event: 353.506 GC heap before
{Heap before GC invocations=4 (full 1):
 def new generation   total 39424K, used 39424K [0x05400000, 0x07ec0000, 0x0fea0000)
  eden space 35072K, 100% used [0x05400000, 0x07640000, 0x07640000)
  from space 4352K, 100% used [0x07a80000, 0x07ec0000, 0x07ec0000)
  to   space 4352K,   0% used [0x07640000, 0x07640000, 0x07a80000)
 tenured generation   total 87424K, used 16404K [0x0fea0000, 0x15400000, 0x25400000)
   the space 87424K,  18% used [0x0fea0000, 0x10ea5110, 0x10ea5200, 0x15400000)
 Metaspace       used 15860K, capacity 16256K, committed 16384K, reserved 16768K
Event: 353.552 GC heap after
Heap after GC invocations=5 (full 1):
 def new generation   total 39424K, used 3846K [0x05400000, 0x07ec0000, 0x0fea0000)
  eden space 35072K,   0% used [0x05400000, 0x05400000, 0x07640000)
  from space 4352K,  88% used [0x07640000, 0x07a01968, 0x07a80000)
  to   space 4352K,   0% used [0x07a80000, 0x07a80000, 0x07ec0000)
 tenured generation   total 87424K, used 27967K [0x0fea0000, 0x15400000, 0x25400000)
   the space 87424K,  31% used [0x0fea0000, 0x119efd18, 0x119efe00, 0x15400000)
 Metaspace       used 15860K, capacity 16256K, committed 16384K, reserved 16768K
}
Event: 1120.742 GC heap before
{Heap before GC invocations=5 (full 1):
 def new generation   total 39424K, used 38918K [0x05400000, 0x07ec0000, 0x0fea0000)
  eden space 35072K, 100% used [0x05400000, 0x07640000, 0x07640000)
  from space 4352K,  88% used [0x07640000, 0x07a01968, 0x07a80000)
  to   space 4352K,   0% used [0x07a80000, 0x07a80000, 0x07ec0000)
 tenured generation   total 87424K, used 27967K [0x0fea0000, 0x15400000, 0x25400000)
   the space 87424K,  31% used [0x0fea0000, 0x119efd18, 0x119efe00, 0x15400000)
 Metaspace       used 16082K, capacity 16483K, committed 16512K, reserved 16768K
Event: 1120.765 GC heap after
Heap after GC invocations=6 (full 1):
 def new generation   total 39424K, used 363K [0x05400000, 0x07ec0000, 0x0fea0000)
  eden space 35072K,   0% used [0x05400000, 0x05400000, 0x07640000)
  from space 4352K,   8% used [0x07a80000, 0x07adaf38, 0x07ec0000)
  to   space 4352K,   0% used [0x07640000, 0x07640000, 0x07a80000)
 tenured generation   total 87424K, used 31586K [0x0fea0000, 0x15400000, 0x25400000)
   the space 87424K,  36% used [0x0fea0000, 0x11d78b30, 0x11d78c00, 0x15400000)
 Metaspace       used 16082K, capacity 16483K, committed 16512K, reserved 16768K
}
Event: 1725.780 GC heap before
{Heap before GC invocations=6 (full 1):
 def new generation   total 39424K, used 35435K [0x05400000, 0x07ec0000, 0x0fea0000)
  eden space 35072K, 100% used [0x05400000, 0x07640000, 0x07640000)
  from space 4352K,   8% used [0x07a80000, 0x07adaf38, 0x07ec0000)
  to   space 4352K,   0% used [0x07640000, 0x07640000, 0x07a80000)
 tenured generation   total 87424K, used 31586K [0x0fea0000, 0x15400000, 0x25400000)
   the space 87424K,  36% used [0x0fea0000, 0x11d78b30, 0x11d78c00, 0x15400000)
 Metaspace       used 16102K, capacity 16515K, committed 16640K, reserved 16768K
Event: 1725.789 GC heap after
Heap after GC invocations=7 (full 1):
 def new generation   total 39424K, used 592K [0x05400000, 0x07ec0000, 0x0fea0000)
  eden space 35072K,   0% used [0x05400000, 0x05400000, 0x07640000)
  from space 4352K,  13% used [0x07640000, 0x076d42a0, 0x07a80000)
  to   space 4352K,   0% used [0x07a80000, 0x07a80000, 0x07ec0000)
 tenured generation   total 87424K, used 31586K [0x0fea0000, 0x15400000, 0x25400000)
   the space 87424K,  36% used [0x0fea0000, 0x11d78b30, 0x11d78c00, 0x15400000)
 Metaspace       used 16102K, capacity 16515K, committed 16640K, reserved 16768K
}
Event: 2817.721 GC heap before
{Heap before GC invocations=7 (full 1):
 def new generation   total 39424K, used 35664K [0x05400000, 0x07ec0000, 0x0fea0000)
  eden space 35072K, 100% used [0x05400000, 0x07640000, 0x07640000)
  from space 4352K,  13% used [0x07640000, 0x076d42a0, 0x07a80000)
  to   space 4352K,   0% used [0x07a80000, 0x07a80000, 0x07ec0000)
 tenured generation   total 87424K, used 31586K [0x0fea0000, 0x15400000, 0x25400000)
   the space 87424K,  36% used [0x0fea0000, 0x11d78b30, 0x11d78c00, 0x15400000)
 Metaspace       used 16262K, capacity 16670K, committed 16768K, reserved 16768K
Event: 2817.725 GC heap after
Heap after GC invocations=8 (full 1):
 def new generation   total 39424K, used 1429K [0x05400000, 0x07ec0000, 0x0fea0000)
  eden space 35072K,   0% used [0x05400000, 0x05400000, 0x07640000)
  from space 4352K,  32% used [0x07a80000, 0x07be57a8, 0x07ec0000)
  to   space 4352K,   0% used [0x07640000, 0x07640000, 0x07a80000)
 tenured generation   total 87424K, used 31586K [0x0fea0000, 0x15400000, 0x25400000)
   the space 87424K,  36% used [0x0fea0000, 0x11d78b30, 0x11d78c00, 0x15400000)
 Metaspace       used 16262K, capacity 16670K, committed 16768K, reserved 16768K
}

Deoptimization events (0 events):
No events

Internal exceptions (10 events):
Event: 2121.539 Thread 0x2853b000 Exception <a 'java/io/IOException'> (0x06e1e8f8) thrown at [C:\re\workspace\8-2-build-windows-i586-cygwin\jdk8u66\4988\hotspot\src\share\vm\prims\jni.cpp, line 709]
Event: 2121.539 Thread 0x2853b000 Exception <a 'java/io/IOException'> (0x06e1eb40) thrown at [C:\re\workspace\8-2-build-windows-i586-cygwin\jdk8u66\4988\hotspot\src\share\vm\prims\jni.cpp, line 709]
Event: 2121.540 Thread 0x2853b000 Exception <a 'java/io/IOException'> (0x06e21170) thrown at [C:\re\workspace\8-2-build-windows-i586-cygwin\jdk8u66\4988\hotspot\src\share\vm\prims\jni.cpp, line 709]
Event: 2121.540 Thread 0x2853b000 Exception <a 'java/io/IOException'> (0x06e21510) thrown at [C:\re\workspace\8-2-build-windows-i586-cygwin\jdk8u66\4988\hotspot\src\share\vm\prims\jni.cpp, line 709]
Event: 2121.540 Thread 0x2853b000 Exception <a 'java/io/IOException'> (0x06e21758) thrown at [C:\re\workspace\8-2-build-windows-i586-cygwin\jdk8u66\4988\hotspot\src\share\vm\prims\jni.cpp, line 709]
Event: 2121.541 Thread 0x2853b000 Exception <a 'java/io/IOException'> (0x06e3f7e0) thrown at [C:\re\workspace\8-2-build-windows-i586-cygwin\jdk8u66\4988\hotspot\src\share\vm\prims\jni.cpp, line 709]
Event: 2121.541 Thread 0x2853b000 Exception <a 'java/io/IOException'> (0x06e3fb80) thrown at [C:\re\workspace\8-2-build-windows-i586-cygwin\jdk8u66\4988\hotspot\src\share\vm\prims\jni.cpp, line 709]
Event: 2121.541 Thread 0x2853b000 Exception <a 'java/io/IOException'> (0x06e3fdc8) thrown at [C:\re\workspace\8-2-build-windows-i586-cygwin\jdk8u66\4988\hotspot\src\share\vm\prims\jni.cpp, line 709]
Event: 2931.054 Thread 0x28538000 Exception <a 'java/net/SocketException': socket closed> (0x055febc0) thrown at [C:\re\workspace\8-2-build-windows-i586-cygwin\jdk8u66\4988\hotspot\src\share\vm\prims\jni.cpp, line 735]
Event: 3097.182 Thread 0x2853cc00 Exception <a 'java/net/SocketException': socket closed> (0x056db690) thrown at [C:\re\workspace\8-2-build-windows-i586-cygwin\jdk8u66\4988\hotspot\src\share\vm\prims\jni.cpp, line 735]

Events (10 events):
Event: 3098.185 Thread 0x2853ac00 Thread exited: 0x2853ac00
Event: 3098.185 Thread 0x28539800 Thread exited: 0x28539800
Event: 3099.171 Executing VM operation: RevokeBias
Event: 3099.171 Executing VM operation: RevokeBias done
Event: 3099.171 Thread 0x2853c400 Thread exited: 0x2853c400
Event: 3100.737 Executing VM operation: BulkRevokeBias
Event: 3100.737 Executing VM operation: BulkRevokeBias done
Event: 3100.758 loading class java/awt/font/TextHitInfo
Event: 3100.793 loading class java/awt/font/TextHitInfo done
Event: 3100.794 loading class sun/awt/im/CompositionArea


Dynamic libraries:
0x00ec0000 - 0x00ef3000 	E:\installed apps\Arduino1.6.7\java\bin\javaw.exe
0x77760000 - 0x778e2000 	C:\WINDOWS\SYSTEM32\ntdll.dll
0x74a40000 - 0x74b20000 	C:\WINDOWS\System32\KERNEL32.DLL
0x74140000 - 0x742e1000 	C:\WINDOWS\System32\KERNELBASE.dll
0x74f30000 - 0x74fa7000 	C:\WINDOWS\System32\ADVAPI32.dll
0x74980000 - 0x74a3e000 	C:\WINDOWS\System32\msvcrt.dll
0x742f0000 - 0x74331000 	C:\WINDOWS\System32\sechost.dll
0x748b0000 - 0x74971000 	C:\WINDOWS\System32\RPCRT4.dll
0x74120000 - 0x7413e000 	C:\WINDOWS\System32\SspiCli.dll
0x75130000 - 0x7513a000 	C:\WINDOWS\System32\CRYPTBASE.dll
0x746d0000 - 0x7472a000 	C:\WINDOWS\System32\bcryptPrimitives.dll
0x75830000 - 0x7598f000 	C:\WINDOWS\System32\USER32.dll
0x75400000 - 0x75415000 	C:\WINDOWS\System32\win32u.dll
0x753a0000 - 0x753cb000 	C:\WINDOWS\System32\GDI32.dll
0x75230000 - 0x7538b000 	C:\WINDOWS\System32\gdi32full.dll
0x719d0000 - 0x71bda000 	C:\WINDOWS\WinSxS\x86_microsoft.windows.common-controls_6595b64144ccf1df_6.0.14393.0_none_74bc87d3d22d9abe\COMCTL32.dll
0x74be0000 - 0x74df1000 	C:\WINDOWS\System32\combase.dll
0x75c50000 - 0x75d30000 	C:\WINDOWS\System32\ucrtbase.dll
0x74e00000 - 0x74e25000 	C:\WINDOWS\System32\IMM32.DLL
0x56e10000 - 0x56ecf000 	E:\installed apps\Arduino1.6.7\java\bin\msvcr100.dll
0x527e0000 - 0x52ba5000 	E:\installed apps\Arduino1.6.7\java\bin\client\jvm.dll
0x75390000 - 0x75396000 	C:\WINDOWS\System32\PSAPI.DLL
0x72d10000 - 0x72d18000 	C:\WINDOWS\SYSTEM32\WSOCK32.dll
0x722d0000 - 0x722f4000 	C:\WINDOWS\SYSTEM32\WINMM.dll
0x73b60000 - 0x73b68000 	C:\WINDOWS\SYSTEM32\VERSION.dll
0x74b20000 - 0x74b83000 	C:\WINDOWS\System32\WS2_32.dll
0x71fd0000 - 0x71ff3000 	C:\WINDOWS\SYSTEM32\WINMMBASE.dll
0x744d0000 - 0x74506000 	C:\WINDOWS\System32\cfgmgr32.dll
0x56a50000 - 0x56a81000 	E:\installed apps\Arduino1.6.7\java\bin\splashscreen.dll
0x72300000 - 0x72375000 	C:\WINDOWS\system32\uxtheme.dll
0x57b00000 - 0x57b0c000 	E:\installed apps\Arduino1.6.7\java\bin\verify.dll
0x74510000 - 0x74646000 	C:\WINDOWS\System32\MSCTF.dll
0x74430000 - 0x744c4000 	C:\WINDOWS\System32\OLEAUT32.dll
0x74650000 - 0x746cb000 	C:\WINDOWS\System32\msvcp_win.dll
0x56de0000 - 0x56e01000 	E:\installed apps\Arduino1.6.7\java\bin\java.dll
0x56a30000 - 0x56a43000 	E:\installed apps\Arduino1.6.7\java\bin\zip.dll
0x753f0000 - 0x753fd000 	C:\WINDOWS\System32\kernel.appcore.dll
0x75e00000 - 0x771d7000 	C:\WINDOWS\System32\SHELL32.dll
0x771e0000 - 0x7774e000 	C:\WINDOWS\System32\windows.storage.dll
0x75da0000 - 0x75de5000 	C:\WINDOWS\System32\powrprof.dll
0x751e0000 - 0x75226000 	C:\WINDOWS\System32\shlwapi.dll
0x74fb0000 - 0x75038000 	C:\WINDOWS\System32\shcore.dll
0x77750000 - 0x7775f000 	C:\WINDOWS\System32\profapi.dll
0x56590000 - 0x566d5000 	E:\installed apps\Arduino1.6.7\java\bin\awt.dll
0x72be0000 - 0x72c72000 	C:\WINDOWS\SYSTEM32\apphelp.dll
0x72250000 - 0x7226f000 	C:\WINDOWS\system32\dwmapi.dll
0x75b00000 - 0x75bea000 	C:\WINDOWS\System32\ole32.dll
0x569f0000 - 0x56a29000 	E:\installed apps\Arduino1.6.7\java\bin\fontmanager.dll
0x569d0000 - 0x569e6000 	E:\installed apps\Arduino1.6.7\java\bin\net.dll
0x72a60000 - 0x72aae000 	C:\WINDOWS\system32\mswsock.dll
0x56580000 - 0x5658f000 	E:\installed apps\Arduino1.6.7\java\bin\nio.dll
0x56550000 - 0x56580000 	E:\installed apps\Arduino1.6.7\java\bin\t2k.dll
0x72c80000 - 0x72caf000 	C:\WINDOWS\SYSTEM32\IPHLPAPI.DLL
0x75df0000 - 0x75df7000 	C:\WINDOWS\System32\NSI.dll
0x72270000 - 0x72283000 	C:\WINDOWS\SYSTEM32\dhcpcsvc6.DLL
0x72230000 - 0x72244000 	C:\WINDOWS\SYSTEM32\dhcpcsvc.DLL
0x72d90000 - 0x72da3000 	C:\WINDOWS\SYSTEM32\CRYPTSP.dll
0x72d60000 - 0x72d8f000 	C:\WINDOWS\system32\rsaenh.dll
0x734e0000 - 0x734fb000 	C:\WINDOWS\SYSTEM32\bcrypt.dll
0x73b10000 - 0x73b2a000 	C:\WINDOWS\SYSTEM32\USERENV.dll
0x275d0000 - 0x2760d000 	C:\Users\kvng\AppData\Local\Temp\jna-3304548\jna3129291336176556112.dll
0x723f0000 - 0x7246c000 	C:\WINDOWS\SYSTEM32\DNSAPI.dll
0x71950000 - 0x71971000 	C:\Program Files (x86)\Bonjour\mdnsNSP.dll
0x72390000 - 0x72398000 	C:\Windows\System32\rasadhlp.dll
0x71850000 - 0x71899000 	C:\WINDOWS\System32\fwpuclnt.dll
0x64000000 - 0x6401b000 	C:\Users\kvng\.jssc\windows\jSSC-2.8_x86.dll
0x564e0000 - 0x56549000 	E:\installed apps\Arduino1.6.7\msvcp100.dll
0x50830000 - 0x508ee000 	E:\installed apps\Arduino1.6.7\msvcr100.dll
0x28c40000 - 0x28c72000 	E:\installed apps\Arduino1.6.7\lib\AStylej.dll
0x75150000 - 0x751d4000 	C:\WINDOWS\System32\clbcatq.dll
0x69580000 - 0x696ee000 	C:\WINDOWS\SYSTEM32\WindowsCodecs.dll
0x712f0000 - 0x71334000 	C:\WINDOWS\system32\dataexchange.dll
0x68510000 - 0x68740000 	C:\WINDOWS\system32\d3d11.dll
0x68740000 - 0x68853000 	C:\WINDOWS\system32\dcomp.dll
0x694f0000 - 0x69574000 	C:\WINDOWS\system32\dxgi.dll
0x68410000 - 0x68501000 	C:\WINDOWS\system32\twinapi.appcore.dll
0x66cd0000 - 0x66d1e000 	C:\WINDOWS\system32\Ninput.dll
0x715e0000 - 0x716d4000 	C:\WINDOWS\system32\GoogleInputTools.ime
0x73970000 - 0x73ab5000 	C:\WINDOWS\system32\dbghelp.dll
0x71bf0000 - 0x71bf6000 	C:\WINDOWS\system32\MSIMG32.dll
0x716e0000 - 0x71849000 	C:\WINDOWS\WinSxS\x86_microsoft.windows.gdiplus_6595b64144ccf1df_1.1.14393.187_none_bab139cc35912856\gdiplus.dll
0x73500000 - 0x73525000 	C:\WINDOWS\system32\dbgcore.DLL
0x72db0000 - 0x72dd8000 	C:\WINDOWS\SYSTEM32\ntmarta.dll

VM Arguments:
jvm_args: -Dsun.java2d.d3d=false -DAPP_DIR=E:\installed apps\Arduino1.6.7 -Xms128M -Xmx512M 
java_command: processing.app.Base C:\Users\kvng\Dropbox\arduino workspace\0 Tilt rotor plane\think_big_-_try_big\think_big_-_try_big.ino
java_class_path (initial): E:\installed apps\Arduino1.6.7\lib\apple.jar;E:\installed apps\Arduino1.6.7\lib\arduino-core.jar;E:\installed apps\Arduino1.6.7\lib\bcpg-jdk15on-152.jar;E:\installed apps\Arduino1.6.7\lib\bcprov-jdk15on-152.jar;E:\installed apps\Arduino1.6.7\lib\commons-codec-1.7.jar;E:\installed apps\Arduino1.6.7\lib\commons-compress-1.8.jar;E:\installed apps\Arduino1.6.7\lib\commons-exec-1.1.jar;E:\installed apps\Arduino1.6.7\lib\commons-httpclient-3.1.jar;E:\installed apps\Arduino1.6.7\lib\commons-lang3-3.3.2.jar;E:\installed apps\Arduino1.6.7\lib\commons-logging-1.0.4.jar;E:\installed apps\Arduino1.6.7\lib\commons-net-3.3.jar;E:\installed apps\Arduino1.6.7\lib\ecj.jar;E:\installed apps\Arduino1.6.7\lib\jackson-annotations-2.6.3.jar;E:\installed apps\Arduino1.6.7\lib\jackson-core-2.6.3.jar;E:\installed apps\Arduino1.6.7\lib\jackson-databind-2.6.3.jar;E:\installed apps\Arduino1.6.7\lib\jackson-module-mrbean-2.6.3.jar;E:\installed apps\Arduino1.6.7\lib\java-semver-0.8.0.jar;E:\installed apps\Arduino1.6.7\lib\jmdns-3.4.1.jar;E:\installed apps\Arduino1.6.7\lib\jna-4.1.0.jar;E:\installed apps\Arduino1.6.7\lib\jna-platform-4.1.0.jar;E:\installed apps\Arduino1.6.7\lib\jsch-0.1.50.jar;E:\installed apps\Arduino1.6.7\lib\jssc-2.8.0.jar;E:\installed apps\Arduino1.6.7\lib\pde.jar;E:\installed apps\Arduino1.6.7\lib\rsyntaxtextarea-2.5.8.1+arduino.jar
Launcher Type: SUN_STANDARD

Environment Variables:
PATH=C:\Program Files (x86)\Intel\iCLS Client\;C:\Program Files\Intel\iCLS Client\;C:\WINDOWS\system32;C:\WINDOWS;C:\WINDOWS\System32\Wbem;C:\WINDOWS\System32\WindowsPowerShell\v1.0\;C:\Program Files\Intel\Intel(R) Management Engine Components\DAL;C:\Program Files (x86)\Intel\Intel(R) Management Engine Components\DAL;C:\Program Files\Intel\Intel(R) Management Engine Components\IPT;C:\Program Files (x86)\Intel\Intel(R) Management Engine Components\IPT;C:\Program Files (x86)\Skype\Phone\;C:\Program Files\Intel\WiFi\bin\;C:\Program Files\Common Files\Intel\WirelessCommon\;E:\installed apps\MiKTeX\miktex\bin\;C:\Program Files (x86)\Microsoft SQL Server\110\Tools\Binn\;C:\Program Files\Microsoft SQL Server\110\Tools\Binn\;C:\Program Files\Microsoft SQL Server\110\DTS\Binn\;C:\Users\kvng\AppData\Local\Microsoft\WindowsApps;;E:\installed apps\Arduino1.6.7\java\bin
USERNAME=kvng
OS=Windows_NT
PROCESSOR_IDENTIFIER=Intel64 Family 6 Model 61 Stepping 4, GenuineIntel



---------------  S Y S T E M  ---------------

OS: Windows 10.0 , 64 bit Build 14393 (10.0.14393.0)

CPU:total 4 (2 cores per cpu, 2 threads per core) family 6 model 61 stepping 4, cmov, cx8, fxsr, mmx, sse, sse2, sse3, ssse3, sse4.1, sse4.2, popcnt, avx, avx2, aes, clmul, erms, 3dnowpref, lzcnt, ht, tsc, tscinvbit, bmi1, bmi2, adx

Memory: 4k page, physical 16685464k(12001940k free), swap 19175832k(13322048k free)

vm_info: Java HotSpot(TM) Client VM (25.66-b17) for windows-x86 JRE (1.8.0_66-b17), built on Oct  6 2015 19:59:47 by "java_re" with MS VC++ 10.0 (VS2010)

time: Sun Oct 02 12:25:02 2016
elapsed time: 3100 seconds (0d 0h 51m 40s)

