#
# A fatal error has been detected by the Java Runtime Environment:
#
#  EXCEPTION_ACCESS_VIOLATION (0xc0000005) at pc=0x00000000, pid=14264, tid=1648
#
# JRE version: Java(TM) SE Runtime Environment (8.0_66-b17) (build 1.8.0_66-b17)
# Java VM: Java HotSpot(TM) Client VM (25.66-b17 mixed mode windows-x86 )
# Problematic frame:
# C  0x00000000
#
# Failed to write core dump. Minidumps are not enabled by default on client versions of Windows
#
# If you would like to submit a bug report, please visit:
#   http://bugreport.java.com/bugreport/crash.jsp
# The crash happened outside the Java Virtual Machine in native code.
# See problematic frame for where to report the bug.
#

---------------  T H R E A D  ---------------

Current thread (0x258cb800):  JavaThread "AWT-Windows" daemon [_thread_in_native, id=1648, stack(0x25e90000,0x25ee0000)]

siginfo: ExceptionCode=0xc0000005, ExceptionInformation=0x00000008 0x00000000

Registers:
EAX=0x26173ee0, EBX=0x26176eb0, ECX=0x2615d554, EDX=0x00000000
ESP=0x25edeff4, EBP=0x25edf028, ESI=0x2615d554, EDI=0x26176eb0
EIP=0x00000000, EFLAGS=0x00010246

Top of Stack: (sp=0x25edeff4)
0x25edeff4:   64c6d7d8 26176eb0 6f3eb6b1 00000000
0x25edf004:   00000000 64c71db0 00000000 00000000
0x25edf014:   26176eb0 25edf15c 25edf15c 64c98ac8
0x25edf024:   00000000 00000400 64c71df7 26176eb0
0x25edf034:   00000000 26176eb0 25edf084 25edf07c
0x25edf044:   75850bd0 00cfe1d0 00000000 00000000
0x25edf054:   00000000 25edf1a4 7586d273 000c069c
0x25edf064:   00000400 26176eb0 00000000 26176eb0 

Instructions: (pc=0x00000000)
0xffffffe0:   


Register to memory mapping:

EAX=0x26173ee0 is an unknown value
EBX=0x26176eb0 is an unknown value
ECX=0x2615d554 is an unknown value
EDX=0x00000000 is an unknown value
ESP=0x25edeff4 is pointing into the stack for thread: 0x258cb800
EBP=0x25edf028 is pointing into the stack for thread: 0x258cb800
ESI=0x2615d554 is an unknown value
EDI=0x26176eb0 is an unknown value


Stack: [0x25e90000,0x25ee0000],  sp=0x25edeff4,  free space=315k
Java frames: (J=compiled Java code, j=interpreted, Vv=VM code)
j  sun.awt.windows.WToolkit.eventLoop()V+0
j  sun.awt.windows.WToolkit.run()V+58
j  java.lang.Thread.run()V+11
v  ~StubRoutines::call_stub

---------------  P R O C E S S  ---------------

Java Threads: ( => current thread )
  0x27891c00 JavaThread "Image Fetcher 1" daemon [_thread_blocked, id=1296, stack(0x26510000,0x26560000)]
  0x27895800 JavaThread "Image Fetcher 0" daemon [_thread_blocked, id=14780, stack(0x26480000,0x264d0000)]
  0x27896000 JavaThread "DestroyJavaVM" [_thread_blocked, id=14976, stack(0x02140000,0x02190000)]
  0x27896800 JavaThread "Timer-0" [_thread_blocked, id=9768, stack(0x28be0000,0x28c30000)]
  0x25ba6800 JavaThread "TimerQueue" daemon [_thread_blocked, id=16908, stack(0x281d0000,0x28220000)]
  0x25ba8000 JavaThread "AWT-EventQueue-0" [_thread_in_native, id=11616, stack(0x28060000,0x280b0000)]
  0x25ba7c00 JavaThread "AWT-Shutdown" [_thread_blocked, id=11588, stack(0x27e20000,0x27e70000)]
  0x25ba6400 JavaThread "JmDNS(happyvikram.local.).Timer" daemon [_thread_blocked, id=8472, stack(0x27390000,0x273e0000)]
  0x25ba7400 JavaThread "JmDNS(happyvikram.local.).State.Timer" [_thread_blocked, id=16612, stack(0x27300000,0x27350000)]
  0x25ba7000 JavaThread "JmDNS(happyvikram.local.).Timer" daemon [_thread_blocked, id=12512, stack(0x27270000,0x272c0000)]
  0x25ba5400 JavaThread "SocketListener(happyvikram.local.)" daemon [_thread_in_native, id=12700, stack(0x270d0000,0x27120000)]
  0x25a9e800 JavaThread "JmDNS(happyvikram.local.).Timer" daemon [_thread_blocked, id=11928, stack(0x27040000,0x27090000)]
  0x25aa4400 JavaThread "JmDNS(happyvikram.local.).State.Timer" [_thread_blocked, id=1460, stack(0x26fb0000,0x27000000)]
  0x25a99000 JavaThread "JmDNS(happyvikram.local.).Timer" daemon [_thread_blocked, id=5860, stack(0x268e0000,0x26930000)]
  0x25a96c00 JavaThread "SocketListener(happyvikram.local.)" daemon [_thread_in_native, id=14856, stack(0x02520000,0x02570000)]
  0x259ee800 JavaThread "cc.arduino.packages.discoverers.network.BoardReachabilityFilter" [_thread_blocked, id=15992, stack(0x26aa0000,0x26af0000)]
  0x25996c00 JavaThread "cc.arduino.packages.discoverers.network.NetworkChecker" [_thread_blocked, id=15672, stack(0x26a10000,0x26a60000)]
  0x2597e400 JavaThread "cc.arduino.packages.discoverers.serial.SerialBoardsLister" [_thread_blocked, id=15192, stack(0x26980000,0x269d0000)]
=>0x258cb800 JavaThread "AWT-Windows" daemon [_thread_in_native, id=1648, stack(0x25e90000,0x25ee0000)]
  0x254bdc00 JavaThread "Java2D Disposer" daemon [_thread_blocked, id=8052, stack(0x25d70000,0x25dc0000)]
  0x252f5800 JavaThread "Service Thread" daemon [_thread_blocked, id=11440, stack(0x25760000,0x257b0000)]
  0x252fa000 JavaThread "C1 CompilerThread0" daemon [_thread_blocked, id=11396, stack(0x256d0000,0x25720000)]
  0x252f8c00 JavaThread "Attach Listener" daemon [_thread_blocked, id=12192, stack(0x25640000,0x25690000)]
  0x252f6c00 JavaThread "Signal Dispatcher" daemon [_thread_blocked, id=12660, stack(0x255b0000,0x25600000)]
  0x252c7800 JavaThread "Finalizer" daemon [_thread_blocked, id=980, stack(0x24d80000,0x24dd0000)]
  0x022be400 JavaThread "Reference Handler" daemon [_thread_blocked, id=10920, stack(0x24cf0000,0x24d40000)]

Other Threads:
  0x022bc800 VMThread [stack: 0x24c60000,0x24cb0000] [id=11176]
  0x2531c400 WatcherThread [stack: 0x257f0000,0x25840000] [id=17004]

VM state:not at safepoint (normal execution)

VM Mutex/Monitor currently owned by a thread: None

Heap:
 def new generation   total 39424K, used 4289K [0x04800000, 0x072c0000, 0x0f2a0000)
  eden space 35072K,   6% used [0x04800000, 0x04a605f8, 0x06a40000)
  from space 4352K,  42% used [0x06e80000, 0x07050130, 0x072c0000)
  to   space 4352K,   0% used [0x06a40000, 0x06a40000, 0x06e80000)
 tenured generation   total 87424K, used 36377K [0x0f2a0000, 0x14800000, 0x24800000)
   the space 87424K,  41% used [0x0f2a0000, 0x11626718, 0x11626800, 0x14800000)
 Metaspace       used 16935K, capacity 17365K, committed 17408K, reserved 17792K

Card table byte_map: [0x04610000,0x04720000] byte_map_base: 0x045ec000

Polling page: 0x00c60000

CodeCache: size=32768Kb used=1930Kb max_used=4095Kb free=30837Kb
 bounds [0x02590000, 0x02998000, 0x04590000]
 total_blobs=1023 nmethods=751 adapters=199
 compilation: enabled

Compilation events (10 events):
Event: 2999.817 Thread 0x252fa000 3720             java.awt.Component::isValid (20 bytes)
Event: 2999.818 Thread 0x252fa000 nmethod 3720 0x0263d608 code [0x0263d700, 0x0263d7b0]
Event: 2999.818 Thread 0x252fa000 3721             java.awt.Dimension::<init> (15 bytes)
Event: 2999.818 Thread 0x252fa000 nmethod 3721 0x027d4688 code [0x027d4780, 0x027d4800]
Event: 2999.818 Thread 0x252fa000 3722             java.awt.geom.Dimension2D::<init> (5 bytes)
Event: 2999.818 Thread 0x252fa000 nmethod 3722 0x027d6f48 code [0x027d7040, 0x027d70c0]
Event: 2999.818 Thread 0x252fa000 3723             sun.swing.MenuItemLayoutHelper$RectSize::access$300 (5 bytes)
Event: 2999.818 Thread 0x252fa000 nmethod 3723 0x02897108 code [0x02897200, 0x02897270]
Event: 2999.819 Thread 0x252fa000 3724             java.lang.Integer::valueOf (32 bytes)
Event: 2999.819 Thread 0x252fa000 nmethod 3724 0x02896e48 code [0x02896f40, 0x02897030]

GC Heap History (10 events):
Event: 1626.727 GC heap before
{Heap before GC invocations=13 (full 1):
 def new generation   total 39424K, used 37025K [0x04800000, 0x072c0000, 0x0f2a0000)
  eden space 35072K, 100% used [0x04800000, 0x06a40000, 0x06a40000)
  from space 4352K,  44% used [0x06a40000, 0x06c284a8, 0x06e80000)
  to   space 4352K,   0% used [0x06e80000, 0x06e80000, 0x072c0000)
 tenured generation   total 87424K, used 36377K [0x0f2a0000, 0x14800000, 0x24800000)
   the space 87424K,  41% used [0x0f2a0000, 0x11626718, 0x11626800, 0x14800000)
 Metaspace       used 16933K, capacity 17362K, committed 17408K, reserved 17792K
Event: 1626.730 GC heap after
Heap after GC invocations=14 (full 1):
 def new generation   total 39424K, used 1126K [0x04800000, 0x072c0000, 0x0f2a0000)
  eden space 35072K,   0% used [0x04800000, 0x04800000, 0x06a40000)
  from space 4352K,  25% used [0x06e80000, 0x06f99b68, 0x072c0000)
  to   space 4352K,   0% used [0x06a40000, 0x06a40000, 0x06e80000)
 tenured generation   total 87424K, used 36377K [0x0f2a0000, 0x14800000, 0x24800000)
   the space 87424K,  41% used [0x0f2a0000, 0x11626718, 0x11626800, 0x14800000)
 Metaspace       used 16933K, capacity 17362K, committed 17408K, reserved 17792K
}
Event: 1973.573 GC heap before
{Heap before GC invocations=14 (full 1):
 def new generation   total 39424K, used 36198K [0x04800000, 0x072c0000, 0x0f2a0000)
  eden space 35072K, 100% used [0x04800000, 0x06a40000, 0x06a40000)
  from space 4352K,  25% used [0x06e80000, 0x06f99b68, 0x072c0000)
  to   space 4352K,   0% used [0x06a40000, 0x06a40000, 0x06e80000)
 tenured generation   total 87424K, used 36377K [0x0f2a0000, 0x14800000, 0x24800000)
   the space 87424K,  41% used [0x0f2a0000, 0x11626718, 0x11626800, 0x14800000)
 Metaspace       used 16934K, capacity 17362K, committed 17408K, reserved 17792K
Event: 1973.579 GC heap after
Heap after GC invocations=15 (full 1):
 def new generation   total 39424K, used 1121K [0x04800000, 0x072c0000, 0x0f2a0000)
  eden space 35072K,   0% used [0x04800000, 0x04800000, 0x06a40000)
  from space 4352K,  25% used [0x06a40000, 0x06b58760, 0x06e80000)
  to   space 4352K,   0% used [0x06e80000, 0x06e80000, 0x072c0000)
 tenured generation   total 87424K, used 36377K [0x0f2a0000, 0x14800000, 0x24800000)
   the space 87424K,  41% used [0x0f2a0000, 0x11626718, 0x11626800, 0x14800000)
 Metaspace       used 16934K, capacity 17362K, committed 17408K, reserved 17792K
}
Event: 2326.120 GC heap before
{Heap before GC invocations=15 (full 1):
 def new generation   total 39424K, used 36193K [0x04800000, 0x072c0000, 0x0f2a0000)
  eden space 35072K, 100% used [0x04800000, 0x06a40000, 0x06a40000)
  from space 4352K,  25% used [0x06a40000, 0x06b58760, 0x06e80000)
  to   space 4352K,   0% used [0x06e80000, 0x06e80000, 0x072c0000)
 tenured generation   total 87424K, used 36377K [0x0f2a0000, 0x14800000, 0x24800000)
   the space 87424K,  41% used [0x0f2a0000, 0x11626718, 0x11626800, 0x14800000)
 Metaspace       used 16934K, capacity 17362K, committed 17408K, reserved 17792K
Event: 2326.123 GC heap after
Heap after GC invocations=16 (full 1):
 def new generation   total 39424K, used 1141K [0x04800000, 0x072c0000, 0x0f2a0000)
  eden space 35072K,   0% used [0x04800000, 0x04800000, 0x06a40000)
  from space 4352K,  26% used [0x06e80000, 0x06f9d4b8, 0x072c0000)
  to   space 4352K,   0% used [0x06a40000, 0x06a40000, 0x06e80000)
 tenured generation   total 87424K, used 36377K [0x0f2a0000, 0x14800000, 0x24800000)
   the space 87424K,  41% used [0x0f2a0000, 0x11626718, 0x11626800, 0x14800000)
 Metaspace       used 16934K, capacity 17362K, committed 17408K, reserved 17792K
}
Event: 2680.121 GC heap before
{Heap before GC invocations=16 (full 1):
 def new generation   total 39424K, used 36213K [0x04800000, 0x072c0000, 0x0f2a0000)
  eden space 35072K, 100% used [0x04800000, 0x06a40000, 0x06a40000)
  from space 4352K,  26% used [0x06e80000, 0x06f9d4b8, 0x072c0000)
  to   space 4352K,   0% used [0x06a40000, 0x06a40000, 0x06e80000)
 tenured generation   total 87424K, used 36377K [0x0f2a0000, 0x14800000, 0x24800000)
   the space 87424K,  41% used [0x0f2a0000, 0x11626718, 0x11626800, 0x14800000)
 Metaspace       used 16934K, capacity 17362K, committed 17408K, reserved 17792K
Event: 2680.123 GC heap after
Heap after GC invocations=17 (full 1):
 def new generation   total 39424K, used 1138K [0x04800000, 0x072c0000, 0x0f2a0000)
  eden space 35072K,   0% used [0x04800000, 0x04800000, 0x06a40000)
  from space 4352K,  26% used [0x06a40000, 0x06b5cbb8, 0x06e80000)
  to   space 4352K,   0% used [0x06e80000, 0x06e80000, 0x072c0000)
 tenured generation   total 87424K, used 36377K [0x0f2a0000, 0x14800000, 0x24800000)
   the space 87424K,  41% used [0x0f2a0000, 0x11626718, 0x11626800, 0x14800000)
 Metaspace       used 16934K, capacity 17362K, committed 17408K, reserved 17792K
}
Event: 2999.765 GC heap before
{Heap before GC invocations=17 (full 1):
 def new generation   total 39424K, used 36210K [0x04800000, 0x072c0000, 0x0f2a0000)
  eden space 35072K, 100% used [0x04800000, 0x06a40000, 0x06a40000)
  from space 4352K,  26% used [0x06a40000, 0x06b5cbb8, 0x06e80000)
  to   space 4352K,   0% used [0x06e80000, 0x06e80000, 0x072c0000)
 tenured generation   total 87424K, used 36377K [0x0f2a0000, 0x14800000, 0x24800000)
   the space 87424K,  41% used [0x0f2a0000, 0x11626718, 0x11626800, 0x14800000)
 Metaspace       used 16935K, capacity 17365K, committed 17408K, reserved 17792K
Event: 2999.769 GC heap after
Heap after GC invocations=18 (full 1):
 def new generation   total 39424K, used 1856K [0x04800000, 0x072c0000, 0x0f2a0000)
  eden space 35072K,   0% used [0x04800000, 0x04800000, 0x06a40000)
  from space 4352K,  42% used [0x06e80000, 0x07050130, 0x072c0000)
  to   space 4352K,   0% used [0x06a40000, 0x06a40000, 0x06e80000)
 tenured generation   total 87424K, used 36377K [0x0f2a0000, 0x14800000, 0x24800000)
   the space 87424K,  41% used [0x0f2a0000, 0x11626718, 0x11626800, 0x14800000)
 Metaspace       used 16935K, capacity 17365K, committed 17408K, reserved 17792K
}

Deoptimization events (0 events):
No events

Internal exceptions (10 events):
Event: 814.021 Thread 0x27893400 Exception <a 'java/io/IOException'> (0x04ba2770) thrown at [C:\re\workspace\8-2-build-windows-i586-cygwin\jdk8u66\4988\hotspot\src\share\vm\prims\jni.cpp, line 709]
Event: 814.021 Thread 0x27893400 Exception <a 'java/io/IOException'> (0x04ba29b8) thrown at [C:\re\workspace\8-2-build-windows-i586-cygwin\jdk8u66\4988\hotspot\src\share\vm\prims\jni.cpp, line 709]
Event: 814.021 Thread 0x27893400 Exception <a 'sun/nio/fs/WindowsException'> (0x04badbe0) thrown at [C:\re\workspace\8-2-build-windows-i586-cygwin\jdk8u66\4988\hotspot\src\share\vm\prims\jni.cpp, line 709]
Event: 814.021 Thread 0x27893400 Exception <a 'sun/nio/fs/WindowsException'> (0x04bae148) thrown at [C:\re\workspace\8-2-build-windows-i586-cygwin\jdk8u66\4988\hotspot\src\share\vm\prims\jni.cpp, line 709]
Event: 814.024 Thread 0x27893400 Exception <a 'java/io/IOException'> (0x04bb37e8) thrown at [C:\re\workspace\8-2-build-windows-i586-cygwin\jdk8u66\4988\hotspot\src\share\vm\prims\jni.cpp, line 709]
Event: 814.024 Thread 0x27893400 Exception <a 'java/io/IOException'> (0x04bb3b88) thrown at [C:\re\workspace\8-2-build-windows-i586-cygwin\jdk8u66\4988\hotspot\src\share\vm\prims\jni.cpp, line 709]
Event: 814.024 Thread 0x27893400 Exception <a 'java/io/IOException'> (0x04bb3dd0) thrown at [C:\re\workspace\8-2-build-windows-i586-cygwin\jdk8u66\4988\hotspot\src\share\vm\prims\jni.cpp, line 709]
Event: 814.026 Thread 0x27893400 Exception <a 'java/io/IOException'> (0x04bb76b8) thrown at [C:\re\workspace\8-2-build-windows-i586-cygwin\jdk8u66\4988\hotspot\src\share\vm\prims\jni.cpp, line 709]
Event: 814.026 Thread 0x27893400 Exception <a 'java/io/IOException'> (0x04bb7a58) thrown at [C:\re\workspace\8-2-build-windows-i586-cygwin\jdk8u66\4988\hotspot\src\share\vm\prims\jni.cpp, line 709]
Event: 814.026 Thread 0x27893400 Exception <a 'java/io/IOException'> (0x04bb7ca0) thrown at [C:\re\workspace\8-2-build-windows-i586-cygwin\jdk8u66\4988\hotspot\src\share\vm\prims\jni.cpp, line 709]

Events (10 events):
Event: 2999.792 Executing VM operation: RevokeBias done
Event: 2999.792 Thread 0x252fa000 flushing nmethod 0x02937488
Event: 2999.793 Executing VM operation: RevokeBias
Event: 2999.793 Executing VM operation: RevokeBias done
Event: 2999.793 Executing VM operation: RevokeBias
Event: 2999.793 Executing VM operation: RevokeBias done
Event: 2999.796 Thread 0x252fa000 flushing nmethod 0x02678308
Event: 2999.796 Thread 0x252fa000 flushing nmethod 0x02678548
Event: 2999.796 Thread 0x252fa000 flushing nmethod 0x02678988
Event: 2999.800 Thread 0x252fa000 flushing nmethod 0x02934d48


Dynamic libraries:
0x00c70000 - 0x00ca3000 	E:\installed apps\Arduino 1.6.7\java\bin\javaw.exe
0x77100000 - 0x77282000 	C:\WINDOWS\SYSTEM32\ntdll.dll
0x769c0000 - 0x76aa0000 	C:\WINDOWS\System32\KERNEL32.DLL
0x76f50000 - 0x770f1000 	C:\WINDOWS\System32\KERNELBASE.dll
0x76e80000 - 0x76ef7000 	C:\WINDOWS\System32\ADVAPI32.dll
0x760b0000 - 0x7616e000 	C:\WINDOWS\System32\msvcrt.dll
0x73d70000 - 0x73db1000 	C:\WINDOWS\System32\sechost.dll
0x75580000 - 0x75641000 	C:\WINDOWS\System32\RPCRT4.dll
0x73c40000 - 0x73c5e000 	C:\WINDOWS\System32\SspiCli.dll
0x73c30000 - 0x73c3a000 	C:\WINDOWS\System32\CRYPTBASE.dll
0x763e0000 - 0x7643a000 	C:\WINDOWS\System32\bcryptPrimitives.dll
0x75840000 - 0x7599f000 	C:\WINDOWS\System32\USER32.dll
0x75290000 - 0x752a5000 	C:\WINDOWS\System32\win32u.dll
0x75bc0000 - 0x75beb000 	C:\WINDOWS\System32\GDI32.dll
0x75420000 - 0x7557b000 	C:\WINDOWS\System32\gdi32full.dll
0x72b90000 - 0x72d9a000 	C:\WINDOWS\WinSxS\x86_microsoft.windows.common-controls_6595b64144ccf1df_6.0.14393.0_none_74bc87d3d22d9abe\COMCTL32.dll
0x759a0000 - 0x75bb1000 	C:\WINDOWS\System32\combase.dll
0x73c60000 - 0x73d40000 	C:\WINDOWS\System32\ucrtbase.dll
0x73d40000 - 0x73d65000 	C:\WINDOWS\System32\IMM32.DLL
0x5de70000 - 0x5df2f000 	E:\installed apps\Arduino 1.6.7\java\bin\msvcr100.dll
0x51340000 - 0x51705000 	E:\installed apps\Arduino 1.6.7\java\bin\client\jvm.dll
0x760a0000 - 0x760a6000 	C:\WINDOWS\System32\PSAPI.DLL
0x738a0000 - 0x738a8000 	C:\WINDOWS\SYSTEM32\WSOCK32.dll
0x75350000 - 0x753b3000 	C:\WINDOWS\System32\WS2_32.dll
0x736d0000 - 0x736f4000 	C:\WINDOWS\SYSTEM32\WINMM.dll
0x738b0000 - 0x738b8000 	C:\WINDOWS\SYSTEM32\VERSION.dll
0x73410000 - 0x73433000 	C:\WINDOWS\SYSTEM32\WINMMBASE.dll
0x76f00000 - 0x76f36000 	C:\WINDOWS\System32\cfgmgr32.dll
0x5de30000 - 0x5de61000 	E:\installed apps\Arduino 1.6.7\java\bin\splashscreen.dll
0x73750000 - 0x737c5000 	C:\WINDOWS\system32\uxtheme.dll
0x72680000 - 0x7268c000 	E:\installed apps\Arduino 1.6.7\java\bin\verify.dll
0x75660000 - 0x75796000 	C:\WINDOWS\System32\MSCTF.dll
0x757a0000 - 0x75833000 	C:\WINDOWS\System32\OLEAUT32.dll
0x5de00000 - 0x5de21000 	E:\installed apps\Arduino 1.6.7\java\bin\java.dll
0x5dde0000 - 0x5ddf3000 	E:\installed apps\Arduino 1.6.7\java\bin\zip.dll
0x75650000 - 0x7565d000 	C:\WINDOWS\System32\kernel.appcore.dll
0x73dc0000 - 0x75197000 	C:\WINDOWS\System32\SHELL32.dll
0x76450000 - 0x769be000 	C:\WINDOWS\System32\windows.storage.dll
0x76050000 - 0x76095000 	C:\WINDOWS\System32\powrprof.dll
0x76cb0000 - 0x76cf6000 	C:\WINDOWS\System32\shlwapi.dll
0x76c20000 - 0x76ca8000 	C:\WINDOWS\System32\shcore.dll
0x761d0000 - 0x761df000 	C:\WINDOWS\System32\profapi.dll
0x511f0000 - 0x51335000 	E:\installed apps\Arduino 1.6.7\java\bin\awt.dll
0x73b50000 - 0x73be2000 	C:\WINDOWS\SYSTEM32\apphelp.dll
0x73670000 - 0x7368f000 	C:\WINDOWS\system32\dwmapi.dll
0x751a0000 - 0x7528a000 	C:\WINDOWS\System32\ole32.dll
0x5dd00000 - 0x5dd39000 	E:\installed apps\Arduino 1.6.7\java\bin\fontmanager.dll
0x5ddc0000 - 0x5ddd6000 	E:\installed apps\Arduino 1.6.7\java\bin\net.dll
0x73700000 - 0x7374e000 	C:\WINDOWS\system32\mswsock.dll
0x61c00000 - 0x61c0f000 	E:\installed apps\Arduino 1.6.7\java\bin\nio.dll
0x5dcd0000 - 0x5dd00000 	E:\installed apps\Arduino 1.6.7\java\bin\t2k.dll
0x73c00000 - 0x73c2f000 	C:\WINDOWS\SYSTEM32\IPHLPAPI.DLL
0x76f40000 - 0x76f47000 	C:\WINDOWS\System32\NSI.dll
0x69110000 - 0x69123000 	C:\WINDOWS\SYSTEM32\dhcpcsvc6.DLL
0x690f0000 - 0x69104000 	C:\WINDOWS\SYSTEM32\dhcpcsvc.DLL
0x72b50000 - 0x72b63000 	C:\WINDOWS\SYSTEM32\CRYPTSP.dll
0x72b20000 - 0x72b4f000 	C:\WINDOWS\system32\rsaenh.dll
0x731c0000 - 0x731db000 	C:\WINDOWS\SYSTEM32\bcrypt.dll
0x738c0000 - 0x738da000 	C:\WINDOWS\SYSTEM32\USERENV.dll
0x26c80000 - 0x26cbd000 	C:\Users\kvng\AppData\Local\Temp\jna-3304548\jna6049570313242383499.dll
0x6d5f0000 - 0x6d66c000 	C:\WINDOWS\SYSTEM32\DNSAPI.dll
0x6d0b0000 - 0x6d0d1000 	C:\Program Files (x86)\Bonjour\mdnsNSP.dll
0x6d270000 - 0x6d278000 	C:\Windows\System32\rasadhlp.dll
0x6dea0000 - 0x6dee9000 	C:\WINDOWS\System32\fwpuclnt.dll
0x64000000 - 0x6401b000 	C:\Users\kvng\.jssc\windows\jSSC-2.8_x86.dll
0x5dc60000 - 0x5dcc9000 	E:\installed apps\Arduino 1.6.7\msvcp100.dll
0x55c60000 - 0x55d1e000 	E:\installed apps\Arduino 1.6.7\msvcr100.dll
0x25dc0000 - 0x25df2000 	E:\installed apps\Arduino 1.6.7\lib\AStylej.dll
0x76350000 - 0x763d4000 	C:\WINDOWS\System32\clbcatq.dll
0x64590000 - 0x646fe000 	C:\WINDOWS\SYSTEM32\WindowsCodecs.dll
0x68460000 - 0x684a4000 	C:\WINDOWS\system32\dataexchange.dll
0x63ae0000 - 0x63d10000 	C:\WINDOWS\system32\d3d11.dll
0x639c0000 - 0x63ad3000 	C:\WINDOWS\system32\dcomp.dll
0x683d0000 - 0x68454000 	C:\WINDOWS\system32\dxgi.dll
0x638c0000 - 0x639b1000 	C:\WINDOWS\system32\twinapi.appcore.dll
0x5e5c0000 - 0x5e60e000 	C:\WINDOWS\system32\Ninput.dll
0x6dae0000 - 0x6db74000 	C:\WINDOWS\WinSxS\x86_microsoft.windows.common-controls_6595b64144ccf1df_5.82.14393.0_none_88fef4c26039fb25\comctl32.dll
0x64be0000 - 0x64cd4000 	C:\WINDOWS\system32\GoogleInputTools.ime
0x64a90000 - 0x64bd5000 	C:\WINDOWS\system32\dbghelp.dll
0x72aa0000 - 0x72aa6000 	C:\WINDOWS\system32\MSIMG32.dll
0x685d0000 - 0x68739000 	C:\WINDOWS\WinSxS\x86_microsoft.windows.gdiplus_6595b64144ccf1df_1.1.14393.51_none_c38355ab140728f4\gdiplus.dll
0x72a70000 - 0x72a95000 	C:\WINDOWS\system32\dbgcore.DLL
0x737d0000 - 0x737f8000 	C:\WINDOWS\SYSTEM32\ntmarta.dll

VM Arguments:
jvm_args: -Dsun.java2d.d3d=false -DAPP_DIR=E:\installed apps\Arduino 1.6.7 -Xms128M -Xmx512M 
java_command: processing.app.Base E:\arduino desktop\arduino workspace\rf try\samvaram_transmit\samvaram_transmit.ino
java_class_path (initial): E:\installed apps\Arduino 1.6.7\lib\apple.jar;E:\installed apps\Arduino 1.6.7\lib\arduino-core.jar;E:\installed apps\Arduino 1.6.7\lib\bcpg-jdk15on-152.jar;E:\installed apps\Arduino 1.6.7\lib\bcprov-jdk15on-152.jar;E:\installed apps\Arduino 1.6.7\lib\commons-codec-1.7.jar;E:\installed apps\Arduino 1.6.7\lib\commons-compress-1.8.jar;E:\installed apps\Arduino 1.6.7\lib\commons-exec-1.1.jar;E:\installed apps\Arduino 1.6.7\lib\commons-httpclient-3.1.jar;E:\installed apps\Arduino 1.6.7\lib\commons-lang3-3.3.2.jar;E:\installed apps\Arduino 1.6.7\lib\commons-logging-1.0.4.jar;E:\installed apps\Arduino 1.6.7\lib\commons-net-3.3.jar;E:\installed apps\Arduino 1.6.7\lib\ecj.jar;E:\installed apps\Arduino 1.6.7\lib\jackson-annotations-2.6.3.jar;E:\installed apps\Arduino 1.6.7\lib\jackson-core-2.6.3.jar;E:\installed apps\Arduino 1.6.7\lib\jackson-databind-2.6.3.jar;E:\installed apps\Arduino 1.6.7\lib\jackson-module-mrbean-2.6.3.jar;E:\installed apps\Arduino 1.6.7\lib\java-semver-0.8.0.jar;E:\installed apps\Arduino 1.6.7\lib\jmdns-3.4.1.jar;E:\installed apps\Arduino 1.6.7\lib\jna-4.1.0.jar;E:\installed apps\Arduino 1.6.7\lib\jna-platform-4.1.0.jar;E:\installed apps\Arduino 1.6.7\lib\jsch-0.1.50.jar;E:\installed apps\Arduino 1.6.7\lib\jssc-2.8.0.jar;E:\installed apps\Arduino 1.6.7\lib\pde.jar;E:\installed apps\Arduino 1.6.7\lib\rsyntaxtextarea-2.5.8.1+arduino.jar
Launcher Type: SUN_STANDARD

Environment Variables:
PATH=C:\Program Files (x86)\Intel\iCLS Client\;C:\Program Files\Intel\iCLS Client\;C:\WINDOWS\system32;C:\WINDOWS;C:\WINDOWS\System32\Wbem;C:\WINDOWS\System32\WindowsPowerShell\v1.0\;C:\Program Files\Intel\Intel(R) Management Engine Components\DAL;C:\Program Files (x86)\Intel\Intel(R) Management Engine Components\DAL;C:\Program Files\Intel\Intel(R) Management Engine Components\IPT;C:\Program Files (x86)\Intel\Intel(R) Management Engine Components\IPT;C:\Program Files (x86)\Skype\Phone\;C:\Program Files\Intel\WiFi\bin\;C:\Program Files\Common Files\Intel\WirelessCommon\;E:\installed apps\MiKTeX\miktex\bin\;C:\Program Files (x86)\Microsoft SQL Server\110\Tools\Binn\;C:\Program Files\Microsoft SQL Server\110\Tools\Binn\;C:\Program Files\Microsoft SQL Server\110\DTS\Binn\;C:\Users\kvng\AppData\Local\Microsoft\WindowsApps;;E:\installed apps\Arduino 1.6.7\java\bin
USERNAME=kvng
OS=Windows_NT
PROCESSOR_IDENTIFIER=Intel64 Family 6 Model 61 Stepping 4, GenuineIntel



---------------  S Y S T E M  ---------------

OS: Windows 10.0 , 64 bit Build 14393 (10.0.14393.0)

CPU:total 4 (2 cores per cpu, 2 threads per core) family 6 model 61 stepping 4, cmov, cx8, fxsr, mmx, sse, sse2, sse3, ssse3, sse4.1, sse4.2, popcnt, avx, avx2, aes, clmul, erms, 3dnowpref, lzcnt, ht, tsc, tscinvbit, bmi1, bmi2, adx

Memory: 4k page, physical 16685464k(10666732k free), swap 19175832k(12300960k free)

vm_info: Java HotSpot(TM) Client VM (25.66-b17) for windows-x86 JRE (1.8.0_66-b17), built on Oct  6 2015 19:59:47 by "java_re" with MS VC++ 10.0 (VS2010)

time: Sun Sep 11 23:36:54 2016
elapsed time: 2999 seconds (0d 0h 49m 59s)

