#
# A fatal error has been detected by the Java Runtime Environment:
#
#  EXCEPTION_ACCESS_VIOLATION (0xc0000005) at pc=0x6d7ed7d0, pid=5316, tid=14320
#
# JRE version: Java(TM) SE Runtime Environment (8.0_66-b17) (build 1.8.0_66-b17)
# Java VM: Java HotSpot(TM) Client VM (25.66-b17 mixed mode windows-x86 )
# Problematic frame:
# C  [GoogleInputTools.ime+0x8d7d0]
#
# Failed to write core dump. Minidumps are not enabled by default on client versions of Windows
#
# If you would like to submit a bug report, please visit:
#   http://bugreport.java.com/bugreport/crash.jsp
# The crash happened outside the Java Virtual Machine in native code.
# See problematic frame for where to report the bug.
#

---------------  T H R E A D  ---------------

Current thread (0x258d1800):  JavaThread "AWT-Windows" daemon [_thread_in_native, id=14320, stack(0x25e90000,0x25ee0000)]

siginfo: ExceptionCode=0xc0000005, reading address 0xd6fc303f

Registers:
EAX=0xd6fc3037, EBX=0x26258990, ECX=0x2625be50, EDX=0x6d7ed6b0
ESP=0x25edf494, EBP=0x25edf4c0, ESI=0x2625b91c, EDI=0x26258990
EIP=0x6d7ed7d0, EFLAGS=0x00010246

Top of Stack: (sp=0x25edf494)
0x25edf494:   b4aa912f 00000000 00000000 6d7f1db0
0x25edf4a4:   00000014 00000000 26258990 25edf5f4
0x25edf4b4:   25edf5f4 6d818ac8 00000000 00000400
0x25edf4c4:   6d7f1df7 26258990 00000000 26258990
0x25edf4d4:   25edf51c 00000000 00000000 00000000
0x25edf4e4:   00000000 00000000 08497097 25edf5e4
0x25edf4f4:   7776d273 00050aa6 00000400 26258990
0x25edf504:   00000000 26258990 dcbaabcd 6d7f1db0 

Instructions: (pc=0x6d7ed7d0)
0x6d7ed7b0:   39 8e c4 00 00 00 0f 94 c0 84 c0 74 1d 8b df 8d
0x6d7ed7c0:   4e fc e8 09 03 00 00 84 c0 75 29 8b 76 08 8b 06
0x6d7ed7d0:   8b 50 08 57 8b ce ff d2 eb 1a 8d 44 24 18 50 8d
0x6d7ed7e0:   8e a8 00 00 00 e8 46 86 ff ff eb 08 8d 46 fc e8 


Register to memory mapping:

EAX=0xd6fc3037 is an unknown value
EBX=0x26258990 is an unknown value
ECX=0x2625be50 is an unknown value
EDX=0x6d7ed6b0 is an unknown value
ESP=0x25edf494 is pointing into the stack for thread: 0x258d1800
EBP=0x25edf4c0 is pointing into the stack for thread: 0x258d1800
ESI=0x2625b91c is an unknown value
EDI=0x26258990 is an unknown value


Stack: [0x25e90000,0x25ee0000],  sp=0x25edf494,  free space=317k
Native frames: (J=compiled Java code, j=interpreted, Vv=VM code, C=native code)
C  [GoogleInputTools.ime+0x8d7d0]
C  [GoogleInputTools.ime+0x91df7]

Java frames: (J=compiled Java code, j=interpreted, Vv=VM code)
j  sun.awt.windows.WToolkit.eventLoop()V+0
j  sun.awt.windows.WToolkit.run()V+58
j  java.lang.Thread.run()V+11
v  ~StubRoutines::call_stub

---------------  P R O C E S S  ---------------

Java Threads: ( => current thread )
  0x279b8c00 JavaThread "DestroyJavaVM" [_thread_blocked, id=5984, stack(0x00df0000,0x00e40000)]
  0x279ba400 JavaThread "Timer-0" [_thread_blocked, id=6796, stack(0x28f20000,0x28f70000)]
  0x25b35400 JavaThread "AWT-EventQueue-0" [_thread_blocked, id=12372, stack(0x286a0000,0x286f0000)]
  0x25b35000 JavaThread "AWT-Shutdown" [_thread_blocked, id=12888, stack(0x28050000,0x280a0000)]
  0x25b33800 JavaThread "TimerQueue" daemon [_thread_blocked, id=5508, stack(0x01080000,0x010d0000)]
  0x25b34400 JavaThread "JmDNS(happyvikram.local.).State.Timer" [_thread_blocked, id=13492, stack(0x27280000,0x272d0000)]
  0x259b4400 JavaThread "cc.arduino.packages.discoverers.network.BoardReachabilityFilter" [_thread_blocked, id=2364, stack(0x26ab0000,0x26b00000)]
  0x259ac000 JavaThread "cc.arduino.packages.discoverers.network.NetworkChecker" [_thread_blocked, id=3052, stack(0x26a20000,0x26a70000)]
  0x259a9800 JavaThread "cc.arduino.packages.discoverers.serial.SerialBoardsLister" [_thread_blocked, id=7260, stack(0x26990000,0x269e0000)]
=>0x258d1800 JavaThread "AWT-Windows" daemon [_thread_in_native, id=14320, stack(0x25e90000,0x25ee0000)]
  0x258d0000 JavaThread "Java2D Disposer" daemon [_thread_blocked, id=11788, stack(0x25d70000,0x25dc0000)]
  0x25195c00 JavaThread "Service Thread" daemon [_thread_blocked, id=11288, stack(0x25760000,0x257b0000)]
  0x2519a000 JavaThread "C1 CompilerThread0" daemon [_thread_blocked, id=12112, stack(0x256d0000,0x25720000)]
  0x25198c00 JavaThread "Attach Listener" daemon [_thread_blocked, id=9012, stack(0x25640000,0x25690000)]
  0x25196c00 JavaThread "Signal Dispatcher" daemon [_thread_blocked, id=8684, stack(0x255b0000,0x25600000)]
  0x25167800 JavaThread "Finalizer" daemon [_thread_blocked, id=4588, stack(0x25430000,0x25480000)]
  0x00f5e400 JavaThread "Reference Handler" daemon [_thread_blocked, id=10264, stack(0x253a0000,0x253f0000)]

Other Threads:
  0x00f5c800 VMThread [stack: 0x25110000,0x25160000] [id=7696]
  0x251bd800 WatcherThread [stack: 0x257f0000,0x25840000] [id=11644]

VM state:not at safepoint (normal execution)

VM Mutex/Monitor currently owned by a thread: None

Heap:
 def new generation   total 39424K, used 16827K [0x04c00000, 0x076c0000, 0x0f6a0000)
  eden space 35072K,  42% used [0x04c00000, 0x05ab0968, 0x06e40000)
  from space 4352K,  41% used [0x07280000, 0x0743e630, 0x076c0000)
  to   space 4352K,   0% used [0x06e40000, 0x06e40000, 0x07280000)
 tenured generation   total 87424K, used 30519K [0x0f6a0000, 0x14c00000, 0x24c00000)
   the space 87424K,  34% used [0x0f6a0000, 0x1146de20, 0x1146e000, 0x14c00000)
 Metaspace       used 16332K, capacity 16771K, committed 16896K, reserved 17792K

Card table byte_map: [0x04a90000,0x04ba0000] byte_map_base: 0x04a6a000

Polling page: 0x00a00000

CodeCache: size=32768Kb used=1857Kb max_used=3852Kb free=30910Kb
 bounds [0x02a90000, 0x02e58000, 0x04a90000]
 total_blobs=1116 nmethods=846 adapters=198
 compilation: enabled

Compilation events (10 events):
Event: 7942.517 Thread 0x2519a000 3822  s          java.io.ByteArrayInputStream::read (36 bytes)
Event: 7942.518 Thread 0x2519a000 nmethod 3822 0x02e34d08 code [0x02e34e00, 0x02e35000]
Event: 7942.518 Thread 0x2519a000 3823             javax.jmdns.impl.DNSIncoming$MessageInputStream::readName (459 bytes)
Event: 7942.521 Thread 0x2519a000 nmethod 3823 0x02d7dc88 code [0x02d7e0a0, 0x02d7f3b8]
Event: 7945.268 Thread 0x2519a000 3824             java.lang.CharacterDataLatin1::getProperties (11 bytes)
Event: 7945.268 Thread 0x2519a000 nmethod 3824 0x02d7da48 code [0x02d7db40, 0x02d7dbe0]
Event: 7945.278 Thread 0x2519a000 3825             java.lang.String::<init> (82 bytes)
Event: 7945.279 Thread 0x2519a000 nmethod 3825 0x02e0e108 code [0x02e0e250, 0x02e0e460]
Event: 7945.283 Thread 0x2519a000 3826             java.util.regex.Matcher::reset (83 bytes)
Event: 7945.284 Thread 0x2519a000 nmethod 3826 0x02e2b608 code [0x02e2b710, 0x02e2b82c]

GC Heap History (10 events):
Event: 403.954 GC heap before
{Heap before GC invocations=5 (full 1):
 def new generation   total 39424K, used 37455K [0x04c00000, 0x076c0000, 0x0f6a0000)
  eden space 35072K, 100% used [0x04c00000, 0x06e40000, 0x06e40000)
  from space 4352K,  54% used [0x06e40000, 0x07093d70, 0x07280000)
  to   space 4352K,   0% used [0x07280000, 0x07280000, 0x076c0000)
 tenured generation   total 87424K, used 27683K [0x0f6a0000, 0x14c00000, 0x24c00000)
   the space 87424K,  31% used [0x0f6a0000, 0x111a8f68, 0x111a9000, 0x14c00000)
 Metaspace       used 15948K, capacity 16355K, committed 16384K, reserved 16768K
Event: 403.975 GC heap after
Heap after GC invocations=6 (full 1):
 def new generation   total 39424K, used 1949K [0x04c00000, 0x076c0000, 0x0f6a0000)
  eden space 35072K,   0% used [0x04c00000, 0x04c00000, 0x06e40000)
  from space 4352K,  44% used [0x07280000, 0x074675a8, 0x076c0000)
  to   space 4352K,   0% used [0x06e40000, 0x06e40000, 0x07280000)
 tenured generation   total 87424K, used 29451K [0x0f6a0000, 0x14c00000, 0x24c00000)
   the space 87424K,  33% used [0x0f6a0000, 0x11362dc8, 0x11362e00, 0x14c00000)
 Metaspace       used 15948K, capacity 16355K, committed 16384K, reserved 16768K
}
Event: 837.105 GC heap before
{Heap before GC invocations=6 (full 1):
 def new generation   total 39424K, used 37021K [0x04c00000, 0x076c0000, 0x0f6a0000)
  eden space 35072K, 100% used [0x04c00000, 0x06e40000, 0x06e40000)
  from space 4352K,  44% used [0x07280000, 0x074675a8, 0x076c0000)
  to   space 4352K,   0% used [0x06e40000, 0x06e40000, 0x07280000)
 tenured generation   total 87424K, used 29451K [0x0f6a0000, 0x14c00000, 0x24c00000)
   the space 87424K,  33% used [0x0f6a0000, 0x11362dc8, 0x11362e00, 0x14c00000)
 Metaspace       used 16121K, capacity 16517K, committed 16640K, reserved 16768K
Event: 837.116 GC heap after
Heap after GC invocations=7 (full 1):
 def new generation   total 39424K, used 2139K [0x04c00000, 0x076c0000, 0x0f6a0000)
  eden space 35072K,   0% used [0x04c00000, 0x04c00000, 0x06e40000)
  from space 4352K,  49% used [0x06e40000, 0x07056cf8, 0x07280000)
  to   space 4352K,   0% used [0x07280000, 0x07280000, 0x076c0000)
 tenured generation   total 87424K, used 29451K [0x0f6a0000, 0x14c00000, 0x24c00000)
   the space 87424K,  33% used [0x0f6a0000, 0x11362dc8, 0x11362e00, 0x14c00000)
 Metaspace       used 16121K, capacity 16517K, committed 16640K, reserved 16768K
}
Event: 1667.203 GC heap before
{Heap before GC invocations=7 (full 1):
 def new generation   total 39424K, used 37211K [0x04c00000, 0x076c0000, 0x0f6a0000)
  eden space 35072K, 100% used [0x04c00000, 0x06e40000, 0x06e40000)
  from space 4352K,  49% used [0x06e40000, 0x07056cf8, 0x07280000)
  to   space 4352K,   0% used [0x07280000, 0x07280000, 0x076c0000)
 tenured generation   total 87424K, used 29451K [0x0f6a0000, 0x14c00000, 0x24c00000)
   the space 87424K,  33% used [0x0f6a0000, 0x11362dc8, 0x11362e00, 0x14c00000)
 Metaspace       used 16309K, capacity 16737K, committed 16768K, reserved 16768K
Event: 1667.209 GC heap after
Heap after GC invocations=8 (full 1):
 def new generation   total 39424K, used 2831K [0x04c00000, 0x076c0000, 0x0f6a0000)
  eden space 35072K,   0% used [0x04c00000, 0x04c00000, 0x06e40000)
  from space 4352K,  65% used [0x07280000, 0x07543d00, 0x076c0000)
  to   space 4352K,   0% used [0x06e40000, 0x06e40000, 0x07280000)
 tenured generation   total 87424K, used 29451K [0x0f6a0000, 0x14c00000, 0x24c00000)
   the space 87424K,  33% used [0x0f6a0000, 0x11362dc8, 0x11362e00, 0x14c00000)
 Metaspace       used 16309K, capacity 16737K, committed 16768K, reserved 16768K
}
Event: 4399.403 GC heap before
{Heap before GC invocations=8 (full 1):
 def new generation   total 39424K, used 37903K [0x04c00000, 0x076c0000, 0x0f6a0000)
  eden space 35072K, 100% used [0x04c00000, 0x06e40000, 0x06e40000)
  from space 4352K,  65% used [0x07280000, 0x07543d00, 0x076c0000)
  to   space 4352K,   0% used [0x06e40000, 0x06e40000, 0x07280000)
 tenured generation   total 87424K, used 29451K [0x0f6a0000, 0x14c00000, 0x24c00000)
   the space 87424K,  33% used [0x0f6a0000, 0x11362dc8, 0x11362e00, 0x14c00000)
 Metaspace       used 16315K, capacity 16739K, committed 16768K, reserved 16768K
Event: 4399.408 GC heap after
Heap after GC invocations=9 (full 1):
 def new generation   total 39424K, used 1792K [0x04c00000, 0x076c0000, 0x0f6a0000)
  eden space 35072K,   0% used [0x04c00000, 0x04c00000, 0x06e40000)
  from space 4352K,  41% used [0x06e40000, 0x070001e0, 0x07280000)
  to   space 4352K,   0% used [0x07280000, 0x07280000, 0x076c0000)
 tenured generation   total 87424K, used 30519K [0x0f6a0000, 0x14c00000, 0x24c00000)
   the space 87424K,  34% used [0x0f6a0000, 0x1146de20, 0x1146e000, 0x14c00000)
 Metaspace       used 16315K, capacity 16739K, committed 16768K, reserved 16768K
}
Event: 6801.883 GC heap before
{Heap before GC invocations=9 (full 1):
 def new generation   total 39424K, used 36864K [0x04c00000, 0x076c0000, 0x0f6a0000)
  eden space 35072K, 100% used [0x04c00000, 0x06e40000, 0x06e40000)
  from space 4352K,  41% used [0x06e40000, 0x070001e0, 0x07280000)
  to   space 4352K,   0% used [0x07280000, 0x07280000, 0x076c0000)
 tenured generation   total 87424K, used 30519K [0x0f6a0000, 0x14c00000, 0x24c00000)
   the space 87424K,  34% used [0x0f6a0000, 0x1146de20, 0x1146e000, 0x14c00000)
 Metaspace       used 16316K, capacity 16739K, committed 16768K, reserved 16768K
Event: 6801.886 GC heap after
Heap after GC invocations=10 (full 1):
 def new generation   total 39424K, used 1785K [0x04c00000, 0x076c0000, 0x0f6a0000)
  eden space 35072K,   0% used [0x04c00000, 0x04c00000, 0x06e40000)
  from space 4352K,  41% used [0x07280000, 0x0743e630, 0x076c0000)
  to   space 4352K,   0% used [0x06e40000, 0x06e40000, 0x07280000)
 tenured generation   total 87424K, used 30519K [0x0f6a0000, 0x14c00000, 0x24c00000)
   the space 87424K,  34% used [0x0f6a0000, 0x1146de20, 0x1146e000, 0x14c00000)
 Metaspace       used 16316K, capacity 16739K, committed 16768K, reserved 16768K
}

Deoptimization events (0 events):
No events

Internal exceptions (10 events):
Event: 1591.506 Thread 0x279bac00 Exception <a 'sun/nio/fs/WindowsException'> (0x06b93260) thrown at [C:\re\workspace\8-2-build-windows-i586-cygwin\jdk8u66\4988\hotspot\src\share\vm\prims\jni.cpp, line 709]
Event: 1612.288 Thread 0x279bac00 Exception <a 'java/io/IOException'> (0x06d07d18) thrown at [C:\re\workspace\8-2-build-windows-i586-cygwin\jdk8u66\4988\hotspot\src\share\vm\prims\jni.cpp, line 709]
Event: 1612.288 Thread 0x279bac00 Exception <a 'java/io/IOException'> (0x06d07f60) thrown at [C:\re\workspace\8-2-build-windows-i586-cygwin\jdk8u66\4988\hotspot\src\share\vm\prims\jni.cpp, line 709]
Event: 1612.289 Thread 0x279bac00 Exception <a 'java/io/IOException'> (0x06d2f6f0) thrown at [C:\re\workspace\8-2-build-windows-i586-cygwin\jdk8u66\4988\hotspot\src\share\vm\prims\jni.cpp, line 709]
Event: 1612.289 Thread 0x279bac00 Exception <a 'java/io/IOException'> (0x06d2fa90) thrown at [C:\re\workspace\8-2-build-windows-i586-cygwin\jdk8u66\4988\hotspot\src\share\vm\prims\jni.cpp, line 709]
Event: 1612.289 Thread 0x279bac00 Exception <a 'java/io/IOException'> (0x06d2fcd8) thrown at [C:\re\workspace\8-2-build-windows-i586-cygwin\jdk8u66\4988\hotspot\src\share\vm\prims\jni.cpp, line 709]
Event: 1612.291 Thread 0x279bac00 Exception <a 'java/io/IOException'> (0x06d32d88) thrown at [C:\re\workspace\8-2-build-windows-i586-cygwin\jdk8u66\4988\hotspot\src\share\vm\prims\jni.cpp, line 709]
Event: 1612.291 Thread 0x279bac00 Exception <a 'java/io/IOException'> (0x06d33128) thrown at [C:\re\workspace\8-2-build-windows-i586-cygwin\jdk8u66\4988\hotspot\src\share\vm\prims\jni.cpp, line 709]
Event: 1612.292 Thread 0x279bac00 Exception <a 'java/io/IOException'> (0x06d33370) thrown at [C:\re\workspace\8-2-build-windows-i586-cygwin\jdk8u66\4988\hotspot\src\share\vm\prims\jni.cpp, line 709]
Event: 7942.410 Thread 0x25a9dc00 Exception <a 'java/net/SocketException': socket closed> (0x05355a30) thrown at [C:\re\workspace\8-2-build-windows-i586-cygwin\jdk8u66\4988\hotspot\src\share\vm\prims\jni.cpp, line 735]

Events (10 events):
Event: 7942.522 Thread 0x2519a000 flushing nmethod 0x02e2c408
Event: 7942.522 Thread 0x2519a000 flushing nmethod 0x02e34288
Event: 7942.522 Thread 0x2519a000 flushing nmethod 0x02e371c8
Event: 7943.410 Thread 0x25b34800 Thread exited: 0x25b34800
Event: 7943.410 Executing VM operation: RevokeBias
Event: 7943.410 Thread 0x25b33c00 Thread exited: 0x25b33c00
Event: 7943.411 Executing VM operation: RevokeBias done
Event: 7943.509 Thread 0x25b2f400 Thread exited: 0x25b2f400
Event: 7945.284 Thread 0x2519a000 flushing nmethod 0x02e33c88
Event: 7945.284 Thread 0x2519a000 flushing nmethod 0x02e36d88


Dynamic libraries:
0x01110000 - 0x01143000 	E:\installed apps\Arduino1.6.7\java\bin\javaw.exe
0x77e10000 - 0x77f92000 	C:\WINDOWS\SYSTEM32\ntdll.dll
0x773e0000 - 0x774c0000 	C:\WINDOWS\System32\KERNEL32.DLL
0x77be0000 - 0x77d81000 	C:\WINDOWS\System32\KERNELBASE.dll
0x77d90000 - 0x77e07000 	C:\WINDOWS\System32\ADVAPI32.dll
0x75300000 - 0x753be000 	C:\WINDOWS\System32\msvcrt.dll
0x75740000 - 0x75781000 	C:\WINDOWS\System32\sechost.dll
0x77670000 - 0x77731000 	C:\WINDOWS\System32\RPCRT4.dll
0x748d0000 - 0x748ee000 	C:\WINDOWS\System32\SspiCli.dll
0x748c0000 - 0x748ca000 	C:\WINDOWS\System32\CRYPTBASE.dll
0x748f0000 - 0x7494a000 	C:\WINDOWS\System32\bcryptPrimitives.dll
0x77740000 - 0x7789f000 	C:\WINDOWS\System32\USER32.dll
0x755e0000 - 0x755f5000 	C:\WINDOWS\System32\win32u.dll
0x74950000 - 0x7497b000 	C:\WINDOWS\System32\GDI32.dll
0x751a0000 - 0x752fb000 	C:\WINDOWS\System32\gdi32full.dll
0x72170000 - 0x7237a000 	C:\WINDOWS\WinSxS\x86_microsoft.windows.common-controls_6595b64144ccf1df_6.0.14393.0_none_74bc87d3d22d9abe\COMCTL32.dll
0x753c0000 - 0x755d1000 	C:\WINDOWS\System32\combase.dll
0x778a0000 - 0x77980000 	C:\WINDOWS\System32\ucrtbase.dll
0x756f0000 - 0x75715000 	C:\WINDOWS\System32\IMM32.DLL
0x78380000 - 0x7843f000 	E:\installed apps\Arduino1.6.7\java\bin\msvcr100.dll
0x6c610000 - 0x6c9d5000 	E:\installed apps\Arduino1.6.7\java\bin\client\jvm.dll
0x75730000 - 0x75736000 	C:\WINDOWS\System32\PSAPI.DLL
0x74480000 - 0x74488000 	C:\WINDOWS\SYSTEM32\VERSION.dll
0x73300000 - 0x73308000 	C:\WINDOWS\SYSTEM32\WSOCK32.dll
0x72df0000 - 0x72e14000 	C:\WINDOWS\SYSTEM32\WINMM.dll
0x77ad0000 - 0x77b33000 	C:\WINDOWS\System32\WS2_32.dll
0x72880000 - 0x728a3000 	C:\WINDOWS\SYSTEM32\WINMMBASE.dll
0x75db0000 - 0x75de6000 	C:\WINDOWS\System32\cfgmgr32.dll
0x6f4b0000 - 0x6f4e1000 	E:\installed apps\Arduino1.6.7\java\bin\splashscreen.dll
0x72e20000 - 0x72e95000 	C:\WINDOWS\system32\uxtheme.dll
0x51930000 - 0x5193c000 	E:\installed apps\Arduino1.6.7\java\bin\verify.dll
0x77520000 - 0x77656000 	C:\WINDOWS\System32\MSCTF.dll
0x75d10000 - 0x75da4000 	C:\WINDOWS\System32\OLEAUT32.dll
0x779e0000 - 0x77a5b000 	C:\WINDOWS\System32\msvcp_win.dll
0x6d2d0000 - 0x6d2f1000 	E:\installed apps\Arduino1.6.7\java\bin\java.dll
0x77a60000 - 0x77a6d000 	C:\WINDOWS\System32\kernel.appcore.dll
0x6fd40000 - 0x6fd53000 	E:\installed apps\Arduino1.6.7\java\bin\zip.dll
0x75df0000 - 0x771c7000 	C:\WINDOWS\System32\SHELL32.dll
0x74980000 - 0x74eee000 	C:\WINDOWS\System32\windows.storage.dll
0x77b40000 - 0x77b85000 	C:\WINDOWS\System32\powrprof.dll
0x77b90000 - 0x77bd6000 	C:\WINDOWS\System32\shlwapi.dll
0x771d0000 - 0x77258000 	C:\WINDOWS\System32\shcore.dll
0x74f10000 - 0x74f1f000 	C:\WINDOWS\System32\profapi.dll
0x6ced0000 - 0x6d015000 	E:\installed apps\Arduino1.6.7\java\bin\awt.dll
0x731e0000 - 0x73272000 	C:\WINDOWS\SYSTEM32\apphelp.dll
0x72d90000 - 0x72daf000 	C:\WINDOWS\system32\dwmapi.dll
0x75600000 - 0x756ea000 	C:\WINDOWS\System32\ole32.dll
0x6d0f0000 - 0x6d129000 	E:\installed apps\Arduino1.6.7\java\bin\fontmanager.dll
0x6f9d0000 - 0x6f9e6000 	E:\installed apps\Arduino1.6.7\java\bin\net.dll
0x73190000 - 0x731de000 	C:\WINDOWS\system32\mswsock.dll
0x51920000 - 0x5192f000 	E:\installed apps\Arduino1.6.7\java\bin\nio.dll
0x6f560000 - 0x6f590000 	E:\installed apps\Arduino1.6.7\java\bin\t2k.dll
0x732d0000 - 0x732ff000 	C:\WINDOWS\SYSTEM32\IPHLPAPI.DLL
0x77510000 - 0x77517000 	C:\WINDOWS\System32\NSI.dll
0x732b0000 - 0x732c3000 	C:\WINDOWS\SYSTEM32\dhcpcsvc6.DLL
0x73290000 - 0x732a4000 	C:\WINDOWS\SYSTEM32\dhcpcsvc.DLL
0x73530000 - 0x73543000 	C:\WINDOWS\SYSTEM32\CRYPTSP.dll
0x73500000 - 0x7352f000 	C:\WINDOWS\system32\rsaenh.dll
0x73c80000 - 0x73c9b000 	C:\WINDOWS\SYSTEM32\bcrypt.dll
0x743e0000 - 0x743fa000 	C:\WINDOWS\SYSTEM32\USERENV.dll
0x72bd0000 - 0x72c4c000 	C:\WINDOWS\SYSTEM32\DNSAPI.dll
0x72ba0000 - 0x72bc1000 	C:\Program Files (x86)\Bonjour\mdnsNSP.dll
0x72b90000 - 0x72b98000 	C:\Windows\System32\rasadhlp.dll
0x72080000 - 0x720c9000 	C:\WINDOWS\System32\fwpuclnt.dll
0x26d00000 - 0x26d3d000 	C:\Users\kvng\AppData\Local\Temp\jna-3304548\jna3377418396371975943.dll
0x64000000 - 0x6401b000 	C:\Users\kvng\.jssc\windows\jSSC-2.8_x86.dll
0x280a0000 - 0x28109000 	E:\installed apps\Arduino1.6.7\msvcp100.dll
0x28110000 - 0x281ce000 	E:\installed apps\Arduino1.6.7\msvcr100.dll
0x281d0000 - 0x28202000 	E:\installed apps\Arduino1.6.7\lib\AStylej.dll
0x75010000 - 0x75094000 	C:\WINDOWS\System32\clbcatq.dll
0x28820000 - 0x2898e000 	C:\WINDOWS\SYSTEM32\WindowsCodecs.dll
0x28d70000 - 0x28db4000 	C:\WINDOWS\system32\dataexchange.dll
0x67c50000 - 0x67d63000 	C:\WINDOWS\system32\dcomp.dll
0x675e0000 - 0x67810000 	C:\WINDOWS\system32\d3d11.dll
0x6bcf0000 - 0x6bd74000 	C:\WINDOWS\system32\dxgi.dll
0x674e0000 - 0x675d1000 	C:\WINDOWS\system32\twinapi.appcore.dll
0x62980000 - 0x629ce000 	C:\WINDOWS\system32\Ninput.dll
0x6d760000 - 0x6d854000 	C:\WINDOWS\system32\GoogleInputTools.ime
0x74110000 - 0x74255000 	C:\WINDOWS\system32\dbghelp.dll
0x72b40000 - 0x72b46000 	C:\WINDOWS\system32\MSIMG32.dll
0x6d860000 - 0x6d9c9000 	C:\WINDOWS\WinSxS\x86_microsoft.windows.gdiplus_6595b64144ccf1df_1.1.14393.321_none_baab3cb4359688b4\gdiplus.dll
0x73ca0000 - 0x73cc5000 	C:\WINDOWS\system32\dbgcore.DLL
0x73550000 - 0x73578000 	C:\WINDOWS\SYSTEM32\ntmarta.dll

VM Arguments:
jvm_args: -Dsun.java2d.d3d=false -DAPP_DIR=E:\installed apps\Arduino1.6.7 -Xms128M -Xmx512M 
java_command: processing.app.Base C:\Users\kvng\Dropbox\arduino workspace\autopilot_for_RC_plane\autopilot_for_RC_plane.ino
java_class_path (initial): E:\installed apps\Arduino1.6.7\lib\apple.jar;E:\installed apps\Arduino1.6.7\lib\arduino-core.jar;E:\installed apps\Arduino1.6.7\lib\bcpg-jdk15on-152.jar;E:\installed apps\Arduino1.6.7\lib\bcprov-jdk15on-152.jar;E:\installed apps\Arduino1.6.7\lib\commons-codec-1.7.jar;E:\installed apps\Arduino1.6.7\lib\commons-compress-1.8.jar;E:\installed apps\Arduino1.6.7\lib\commons-exec-1.1.jar;E:\installed apps\Arduino1.6.7\lib\commons-httpclient-3.1.jar;E:\installed apps\Arduino1.6.7\lib\commons-lang3-3.3.2.jar;E:\installed apps\Arduino1.6.7\lib\commons-logging-1.0.4.jar;E:\installed apps\Arduino1.6.7\lib\commons-net-3.3.jar;E:\installed apps\Arduino1.6.7\lib\ecj.jar;E:\installed apps\Arduino1.6.7\lib\jackson-annotations-2.6.3.jar;E:\installed apps\Arduino1.6.7\lib\jackson-core-2.6.3.jar;E:\installed apps\Arduino1.6.7\lib\jackson-databind-2.6.3.jar;E:\installed apps\Arduino1.6.7\lib\jackson-module-mrbean-2.6.3.jar;E:\installed apps\Arduino1.6.7\lib\java-semver-0.8.0.jar;E:\installed apps\Arduino1.6.7\lib\jmdns-3.4.1.jar;E:\installed apps\Arduino1.6.7\lib\jna-4.1.0.jar;E:\installed apps\Arduino1.6.7\lib\jna-platform-4.1.0.jar;E:\installed apps\Arduino1.6.7\lib\jsch-0.1.50.jar;E:\installed apps\Arduino1.6.7\lib\jssc-2.8.0.jar;E:\installed apps\Arduino1.6.7\lib\pde.jar;E:\installed apps\Arduino1.6.7\lib\rsyntaxtextarea-2.5.8.1+arduino.jar
Launcher Type: SUN_STANDARD

Environment Variables:
PATH=C:\Program Files (x86)\Intel\iCLS Client\;C:\Program Files\Intel\iCLS Client\;C:\WINDOWS\system32;C:\WINDOWS;C:\WINDOWS\System32\Wbem;C:\WINDOWS\System32\WindowsPowerShell\v1.0\;C:\Program Files\Intel\Intel(R) Management Engine Components\DAL;C:\Program Files (x86)\Intel\Intel(R) Management Engine Components\DAL;C:\Program Files\Intel\Intel(R) Management Engine Components\IPT;C:\Program Files (x86)\Intel\Intel(R) Management Engine Components\IPT;C:\Program Files (x86)\Skype\Phone\;C:\Program Files\Intel\WiFi\bin\;C:\Program Files\Common Files\Intel\WirelessCommon\;E:\installed apps\MiKTeX\miktex\bin\;C:\Program Files (x86)\Microsoft SQL Server\110\Tools\Binn\;C:\Program Files\Microsoft SQL Server\110\Tools\Binn\;C:\Program Files\Microsoft SQL Server\110\DTS\Binn\;C:\Users\kvng\AppData\Local\Microsoft\WindowsApps;;E:\installed apps\Arduino1.6.7\java\bin
USERNAME=kvng
OS=Windows_NT
PROCESSOR_IDENTIFIER=Intel64 Family 6 Model 61 Stepping 4, GenuineIntel



---------------  S Y S T E M  ---------------

OS: Windows 10.0 , 64 bit Build 14393 (10.0.14393.0)

CPU:total 4 (2 cores per cpu, 2 threads per core) family 6 model 61 stepping 4, cmov, cx8, fxsr, mmx, sse, sse2, sse3, ssse3, sse4.1, sse4.2, popcnt, avx, avx2, aes, clmul, erms, 3dnowpref, lzcnt, ht, tsc, tscinvbit, bmi1, bmi2, adx

Memory: 4k page, physical 16685464k(9527036k free), swap 19175832k(8916492k free)

vm_info: Java HotSpot(TM) Client VM (25.66-b17) for windows-x86 JRE (1.8.0_66-b17), built on Oct  6 2015 19:59:47 by "java_re" with MS VC++ 10.0 (VS2010)

time: Thu Oct 13 12:34:47 2016
elapsed time: 7945 seconds (0d 2h 12m 25s)

