#
# A fatal error has been detected by the Java Runtime Environment:
#
#  EXCEPTION_ACCESS_VIOLATION (0xc0000005) at pc=0x64c64b03, pid=15252, tid=1828
#
# JRE version: Java(TM) SE Runtime Environment (8.0_66-b17) (build 1.8.0_66-b17)
# Java VM: Java HotSpot(TM) Client VM (25.66-b17 mixed mode windows-x86 )
# Problematic frame:
# C  [GoogleInputTools.ime+0x84b03]
#
# Failed to write core dump. Minidumps are not enabled by default on client versions of Windows
#
# If you would like to submit a bug report, please visit:
#   http://bugreport.java.com/bugreport/crash.jsp
# The crash happened outside the Java Virtual Machine in native code.
# See problematic frame for where to report the bug.
#

---------------  T H R E A D  ---------------

Current thread (0x255f8800):  JavaThread "AWT-Windows" daemon [_thread_in_native, id=1828, stack(0x25bc0000,0x25c10000)]

siginfo: ExceptionCode=0xc0000005, reading address 0x00000000

Registers:
EAX=0x00000000, EBX=0x24cce890, ECX=0x00000000, EDX=0x00000000
ESP=0x25c0f588, EBP=0x25c0f60c, ESI=0x24ccae88, EDI=0x24cc9d10
EIP=0x64c64b03, EFLAGS=0x00010246

Top of Stack: (sp=0x25c0f588)
0x25c0f588:   4989e65c 24cc9d10 24ccae88 00000000
0x25c0f598:   7529257c 4989e670 24cc9d14 24ccae88
0x25c0f5a8:   64c6b7ea 25d04900 4989e644 25c0f5d4
0x25c0f5b8:   64c93e88 ffffffff 64c64bf6 4989e618
0x25c0f5c8:   24cc9d14 24ccae88 4989e61c 25c0f5fc
0x25c0f5d8:   64c92e68 00000000 64c63cc4 4989e638
0x25c0f5e8:   24cca248 24cca24c 24ccae88 00000000
0x25c0f5f8:   24ccade0 25c0f664 64c9a428 00000000 

Instructions: (pc=0x64c64b03)
0x64c64ae3:   16 a8 01 75 09 80 bf 4c 01 00 00 00 74 09 83 bf
0x64c64af3:   e8 00 00 00 00 75 1a 8b 4f 24 8b 97 f4 00 00 00
0x64c64b03:   8b 01 8b 40 04 52 81 c7 d8 00 00 00 57 ff d0 eb
0x64c64b13:   5a 33 c9 6a 01 b8 a0 b6 ca 64 8d 74 24 10 c7 44 


Register to memory mapping:

EAX=0x00000000 is an unknown value
EBX=0x24cce890 is an unknown value
ECX=0x00000000 is an unknown value
EDX=0x00000000 is an unknown value
ESP=0x25c0f588 is pointing into the stack for thread: 0x255f8800
EBP=0x25c0f60c is pointing into the stack for thread: 0x255f8800
ESI=0x24ccae88 is an unknown value
EDI=0x24cc9d10 is an unknown value


Stack: [0x25bc0000,0x25c10000],  sp=0x25c0f588,  free space=317k
Native frames: (J=compiled Java code, j=interpreted, Vv=VM code, C=native code)
C  [GoogleInputTools.ime+0x84b03]
C  [GoogleInputTools.ime+0x81b4d]
C  [GoogleInputTools.ime+0x91df7]

Java frames: (J=compiled Java code, j=interpreted, Vv=VM code)
j  sun.awt.windows.WToolkit.eventLoop()V+0
j  sun.awt.windows.WToolkit.run()V+58
j  java.lang.Thread.run()V+11
v  ~StubRoutines::call_stub

---------------  P R O C E S S  ---------------

Java Threads: ( => current thread )
  0x27753400 JavaThread "DestroyJavaVM" [_thread_blocked, id=1792, stack(0x00c20000,0x00c70000)]
  0x2774d000 JavaThread "Timer-0" [_thread_blocked, id=4644, stack(0x28980000,0x289d0000)]
  0x258e9800 JavaThread "TimerQueue" daemon [_thread_blocked, id=10612, stack(0x28120000,0x28170000)]
  0x258e6800 JavaThread "AWT-EventQueue-0" [_thread_blocked, id=5600, stack(0x27d90000,0x27de0000)]
  0x258e6c00 JavaThread "AWT-Shutdown" [_thread_blocked, id=1504, stack(0x27d00000,0x27d50000)]
  0x258e8000 JavaThread "JmDNS(happyvikram.local.).Timer" daemon [_thread_blocked, id=11636, stack(0x27270000,0x272c0000)]
  0x258e9400 JavaThread "JmDNS(happyvikram.local.).State.Timer" [_thread_blocked, id=9840, stack(0x271e0000,0x27230000)]
  0x258e7c00 JavaThread "JmDNS(happyvikram.local.).Timer" daemon [_thread_blocked, id=14448, stack(0x27150000,0x271a0000)]
  0x258e7400 JavaThread "SocketListener(happyvikram.local.)" daemon [_thread_in_native, id=17172, stack(0x270c0000,0x27110000)]
  0x257e3800 JavaThread "JmDNS(happyvikram.local.).Timer" daemon [_thread_blocked, id=12876, stack(0x26e30000,0x26e80000)]
  0x257dd400 JavaThread "JmDNS(happyvikram.local.).State.Timer" [_thread_blocked, id=15544, stack(0x26da0000,0x26df0000)]
  0x257db000 JavaThread "JmDNS(happyvikram.local.).Timer" daemon [_thread_blocked, id=3536, stack(0x26b00000,0x26b50000)]
  0x257abc00 JavaThread "SocketListener(happyvikram.local.)" daemon [_thread_in_native, id=16240, stack(0x26630000,0x26680000)]
  0x25704800 JavaThread "cc.arduino.packages.discoverers.network.BoardReachabilityFilter" [_thread_blocked, id=8712, stack(0x267f0000,0x26840000)]
  0x25656800 JavaThread "cc.arduino.packages.discoverers.network.NetworkChecker" [_thread_blocked, id=5888, stack(0x26760000,0x267b0000)]
  0x25656400 JavaThread "cc.arduino.packages.discoverers.serial.SerialBoardsLister" [_thread_blocked, id=7368, stack(0x266d0000,0x26720000)]
=>0x255f8800 JavaThread "AWT-Windows" daemon [_thread_in_native, id=1828, stack(0x25bc0000,0x25c10000)]
  0x255c4400 JavaThread "Java2D Disposer" daemon [_thread_blocked, id=5588, stack(0x25aa0000,0x25af0000)]
  0x250cf000 JavaThread "Service Thread" daemon [_thread_blocked, id=16564, stack(0x25490000,0x254e0000)]
  0x250b9c00 JavaThread "C1 CompilerThread0" daemon [_thread_blocked, id=10108, stack(0x25400000,0x25450000)]
  0x250b8800 JavaThread "Attach Listener" daemon [_thread_blocked, id=12580, stack(0x25370000,0x253c0000)]
  0x250b6800 JavaThread "Signal Dispatcher" daemon [_thread_blocked, id=15628, stack(0x24c10000,0x24c60000)]
  0x25088000 JavaThread "Finalizer" daemon [_thread_blocked, id=3828, stack(0x24b80000,0x24bd0000)]
  0x25083400 JavaThread "Reference Handler" daemon [_thread_blocked, id=8292, stack(0x24af0000,0x24b40000)]

Other Threads:
  0x021ad000 VMThread [stack: 0x24a60000,0x24ab0000] [id=11136]
  0x250e0000 WatcherThread [stack: 0x25520000,0x25570000] [id=6384]

VM state:not at safepoint (normal execution)

VM Mutex/Monitor currently owned by a thread: None

Heap:
 def new generation   total 39424K, used 31054K [0x04400000, 0x06ec0000, 0x0eea0000)
  eden space 35072K,  84% used [0x04400000, 0x060ecd88, 0x06640000)
  from space 4352K,  32% used [0x06640000, 0x067a6c28, 0x06a80000)
  to   space 4352K,   0% used [0x06a80000, 0x06a80000, 0x06ec0000)
 tenured generation   total 87424K, used 29908K [0x0eea0000, 0x14400000, 0x24400000)
   the space 87424K,  34% used [0x0eea0000, 0x10bd52c0, 0x10bd5400, 0x14400000)
 Metaspace       used 16166K, capacity 16589K, committed 16640K, reserved 16768K

Card table byte_map: [0x24400000,0x24510000] byte_map_base: 0x243de000

Polling page: 0x007b0000

CodeCache: size=32768Kb used=3248Kb max_used=3248Kb free=29519Kb
 bounds [0x02300000, 0x02630000, 0x04300000]
 total_blobs=2054 nmethods=1788 adapters=195
 compilation: enabled

Compilation events (10 events):
Event: 2079.578 Thread 0x250b9c00 1816             java.util.TreeMap::successor (66 bytes)
Event: 2079.579 Thread 0x250b9c00 nmethod 1816 0x02629fc8 code [0x0262a0d0, 0x0262a1c0]
Event: 2088.649 Thread 0x250b9c00 1817   !         cc.arduino.packages.discoverers.network.NetworkChecker::run (143 bytes)
Event: 2088.653 Thread 0x250b9c00 nmethod 1817 0x0262a2c8 code [0x0262a490, 0x0262aa38]
Event: 2091.581 Thread 0x250b9c00 1818             org.apache.commons.exec.CommandLine::parse (82 bytes)
Event: 2091.582 Thread 0x250b9c00 nmethod 1818 0x0262b288 code [0x0262b3f0, 0x0262b714]
Event: 2091.584 Thread 0x250b9c00 1819             org.apache.commons.exec.CommandLine::getArguments (70 bytes)
Event: 2091.585 Thread 0x250b9c00 nmethod 1819 0x0262ba88 code [0x0262bbe0, 0x0262c1b0]
Event: 2250.872 Thread 0x250b9c00 1820             cc.arduino.packages.discoverers.network.NetworkChecker$$Lambda$11/3037248::test (12 bytes)
Event: 2250.873 Thread 0x250b9c00 nmethod 1820 0x0262c6c8 code [0x0262c7d0, 0x0262c89c]

GC Heap History (10 events):
Event: 1092.438 GC heap before
{Heap before GC invocations=6 (full 1):
 def new generation   total 39424K, used 36634K [0x04400000, 0x06ec0000, 0x0eea0000)
  eden space 35072K, 100% used [0x04400000, 0x06640000, 0x06640000)
  from space 4352K,  35% used [0x06a80000, 0x06c06920, 0x06ec0000)
  to   space 4352K,   0% used [0x06640000, 0x06640000, 0x06a80000)
 tenured generation   total 87424K, used 29908K [0x0eea0000, 0x14400000, 0x24400000)
   the space 87424K,  34% used [0x0eea0000, 0x10bd52c0, 0x10bd5400, 0x14400000)
 Metaspace       used 16159K, capacity 16584K, committed 16640K, reserved 16768K
Event: 1092.446 GC heap after
Heap after GC invocations=7 (full 1):
 def new generation   total 39424K, used 1435K [0x04400000, 0x06ec0000, 0x0eea0000)
  eden space 35072K,   0% used [0x04400000, 0x04400000, 0x06640000)
  from space 4352K,  32% used [0x06640000, 0x067a6f28, 0x06a80000)
  to   space 4352K,   0% used [0x06a80000, 0x06a80000, 0x06ec0000)
 tenured generation   total 87424K, used 29908K [0x0eea0000, 0x14400000, 0x24400000)
   the space 87424K,  34% used [0x0eea0000, 0x10bd52c0, 0x10bd5400, 0x14400000)
 Metaspace       used 16159K, capacity 16584K, committed 16640K, reserved 16768K
}
Event: 1482.497 GC heap before
{Heap before GC invocations=7 (full 1):
 def new generation   total 39424K, used 36507K [0x04400000, 0x06ec0000, 0x0eea0000)
  eden space 35072K, 100% used [0x04400000, 0x06640000, 0x06640000)
  from space 4352K,  32% used [0x06640000, 0x067a6f28, 0x06a80000)
  to   space 4352K,   0% used [0x06a80000, 0x06a80000, 0x06ec0000)
 tenured generation   total 87424K, used 29908K [0x0eea0000, 0x14400000, 0x24400000)
   the space 87424K,  34% used [0x0eea0000, 0x10bd52c0, 0x10bd5400, 0x14400000)
 Metaspace       used 16166K, capacity 16589K, committed 16640K, reserved 16768K
Event: 1482.506 GC heap after
Heap after GC invocations=8 (full 1):
 def new generation   total 39424K, used 1363K [0x04400000, 0x06ec0000, 0x0eea0000)
  eden space 35072K,   0% used [0x04400000, 0x04400000, 0x06640000)
  from space 4352K,  31% used [0x06a80000, 0x06bd4fb8, 0x06ec0000)
  to   space 4352K,   0% used [0x06640000, 0x06640000, 0x06a80000)
 tenured generation   total 87424K, used 29908K [0x0eea0000, 0x14400000, 0x24400000)
   the space 87424K,  34% used [0x0eea0000, 0x10bd52c0, 0x10bd5400, 0x14400000)
 Metaspace       used 16166K, capacity 16589K, committed 16640K, reserved 16768K
}
Event: 1890.558 GC heap before
{Heap before GC invocations=8 (full 1):
 def new generation   total 39424K, used 36435K [0x04400000, 0x06ec0000, 0x0eea0000)
  eden space 35072K, 100% used [0x04400000, 0x06640000, 0x06640000)
  from space 4352K,  31% used [0x06a80000, 0x06bd4fb8, 0x06ec0000)
  to   space 4352K,   0% used [0x06640000, 0x06640000, 0x06a80000)
 tenured generation   total 87424K, used 29908K [0x0eea0000, 0x14400000, 0x24400000)
   the space 87424K,  34% used [0x0eea0000, 0x10bd52c0, 0x10bd5400, 0x14400000)
 Metaspace       used 16166K, capacity 16589K, committed 16640K, reserved 16768K
Event: 1890.563 GC heap after
Heap after GC invocations=9 (full 1):
 def new generation   total 39424K, used 1527K [0x04400000, 0x06ec0000, 0x0eea0000)
  eden space 35072K,   0% used [0x04400000, 0x04400000, 0x06640000)
  from space 4352K,  35% used [0x06640000, 0x067bdd50, 0x06a80000)
  to   space 4352K,   0% used [0x06a80000, 0x06a80000, 0x06ec0000)
 tenured generation   total 87424K, used 29908K [0x0eea0000, 0x14400000, 0x24400000)
   the space 87424K,  34% used [0x0eea0000, 0x10bd52c0, 0x10bd5400, 0x14400000)
 Metaspace       used 16166K, capacity 16589K, committed 16640K, reserved 16768K
}
Event: 2325.634 GC heap before
{Heap before GC invocations=9 (full 1):
 def new generation   total 39424K, used 36599K [0x04400000, 0x06ec0000, 0x0eea0000)
  eden space 35072K, 100% used [0x04400000, 0x06640000, 0x06640000)
  from space 4352K,  35% used [0x06640000, 0x067bdd50, 0x06a80000)
  to   space 4352K,   0% used [0x06a80000, 0x06a80000, 0x06ec0000)
 tenured generation   total 87424K, used 29908K [0x0eea0000, 0x14400000, 0x24400000)
   the space 87424K,  34% used [0x0eea0000, 0x10bd52c0, 0x10bd5400, 0x14400000)
 Metaspace       used 16166K, capacity 16589K, committed 16640K, reserved 16768K
Event: 2325.642 GC heap after
Heap after GC invocations=10 (full 1):
 def new generation   total 39424K, used 1478K [0x04400000, 0x06ec0000, 0x0eea0000)
  eden space 35072K,   0% used [0x04400000, 0x04400000, 0x06640000)
  from space 4352K,  33% used [0x06a80000, 0x06bf19d0, 0x06ec0000)
  to   space 4352K,   0% used [0x06640000, 0x06640000, 0x06a80000)
 tenured generation   total 87424K, used 29908K [0x0eea0000, 0x14400000, 0x24400000)
   the space 87424K,  34% used [0x0eea0000, 0x10bd52c0, 0x10bd5400, 0x14400000)
 Metaspace       used 16166K, capacity 16589K, committed 16640K, reserved 16768K
}
Event: 2750.078 GC heap before
{Heap before GC invocations=10 (full 1):
 def new generation   total 39424K, used 36550K [0x04400000, 0x06ec0000, 0x0eea0000)
  eden space 35072K, 100% used [0x04400000, 0x06640000, 0x06640000)
  from space 4352K,  33% used [0x06a80000, 0x06bf19d0, 0x06ec0000)
  to   space 4352K,   0% used [0x06640000, 0x06640000, 0x06a80000)
 tenured generation   total 87424K, used 29908K [0x0eea0000, 0x14400000, 0x24400000)
   the space 87424K,  34% used [0x0eea0000, 0x10bd52c0, 0x10bd5400, 0x14400000)
 Metaspace       used 16166K, capacity 16589K, committed 16640K, reserved 16768K
Event: 2750.081 GC heap after
Heap after GC invocations=11 (full 1):
 def new generation   total 39424K, used 1435K [0x04400000, 0x06ec0000, 0x0eea0000)
  eden space 35072K,   0% used [0x04400000, 0x04400000, 0x06640000)
  from space 4352K,  32% used [0x06640000, 0x067a6c28, 0x06a80000)
  to   space 4352K,   0% used [0x06a80000, 0x06a80000, 0x06ec0000)
 tenured generation   total 87424K, used 29908K [0x0eea0000, 0x14400000, 0x24400000)
   the space 87424K,  34% used [0x0eea0000, 0x10bd52c0, 0x10bd5400, 0x14400000)
 Metaspace       used 16166K, capacity 16589K, committed 16640K, reserved 16768K
}

Deoptimization events (0 events):
No events

Internal exceptions (10 events):
Event: 73.820 Thread 0x2774d000 Exception <a 'java/io/IOException'> (0x04eb55c8) thrown at [C:\re\workspace\8-2-build-windows-i586-cygwin\jdk8u66\4988\hotspot\src\share\vm\prims\jni.cpp, line 709]
Event: 73.820 Thread 0x2774d000 Exception <a 'java/io/IOException'> (0x04eb5810) thrown at [C:\re\workspace\8-2-build-windows-i586-cygwin\jdk8u66\4988\hotspot\src\share\vm\prims\jni.cpp, line 709]
Event: 73.821 Thread 0x2774d000 Exception <a 'sun/nio/fs/WindowsException'> (0x04ec0be8) thrown at [C:\re\workspace\8-2-build-windows-i586-cygwin\jdk8u66\4988\hotspot\src\share\vm\prims\jni.cpp, line 709]
Event: 73.821 Thread 0x2774d000 Exception <a 'sun/nio/fs/WindowsException'> (0x04ec1150) thrown at [C:\re\workspace\8-2-build-windows-i586-cygwin\jdk8u66\4988\hotspot\src\share\vm\prims\jni.cpp, line 709]
Event: 73.824 Thread 0x2774d000 Exception <a 'java/io/IOException'> (0x04ec6e28) thrown at [C:\re\workspace\8-2-build-windows-i586-cygwin\jdk8u66\4988\hotspot\src\share\vm\prims\jni.cpp, line 709]
Event: 73.824 Thread 0x2774d000 Exception <a 'java/io/IOException'> (0x04ec71c8) thrown at [C:\re\workspace\8-2-build-windows-i586-cygwin\jdk8u66\4988\hotspot\src\share\vm\prims\jni.cpp, line 709]
Event: 73.824 Thread 0x2774d000 Exception <a 'java/io/IOException'> (0x04ec7410) thrown at [C:\re\workspace\8-2-build-windows-i586-cygwin\jdk8u66\4988\hotspot\src\share\vm\prims\jni.cpp, line 709]
Event: 73.829 Thread 0x2774d000 Exception <a 'java/io/IOException'> (0x04ecb740) thrown at [C:\re\workspace\8-2-build-windows-i586-cygwin\jdk8u66\4988\hotspot\src\share\vm\prims\jni.cpp, line 709]
Event: 73.829 Thread 0x2774d000 Exception <a 'java/io/IOException'> (0x04ecbae0) thrown at [C:\re\workspace\8-2-build-windows-i586-cygwin\jdk8u66\4988\hotspot\src\share\vm\prims\jni.cpp, line 709]
Event: 73.829 Thread 0x2774d000 Exception <a 'java/io/IOException'> (0x04ecbd28) thrown at [C:\re\workspace\8-2-build-windows-i586-cygwin\jdk8u66\4988\hotspot\src\share\vm\prims\jni.cpp, line 709]

Events (10 events):
Event: 3091.206 Executing VM operation: RevokeBias done
Event: 3091.206 Thread 0x27753c00 Thread exited: 0x27753c00
Event: 3091.207 Executing VM operation: RevokeBias
Event: 3091.207 Executing VM operation: RevokeBias done
Event: 3093.743 Thread 0x27751400 Thread added: 0x27751400
Event: 3094.148 Executing VM operation: RevokeBias
Event: 3094.149 Executing VM operation: RevokeBias done
Event: 3094.149 Thread 0x27751400 Thread exited: 0x27751400
Event: 3094.150 Executing VM operation: RevokeBias
Event: 3094.150 Executing VM operation: RevokeBias done


Dynamic libraries:
0x00c70000 - 0x00ca3000 	E:\installed apps\Arduino 1.6.7\java\bin\javaw.exe
0x77100000 - 0x77282000 	C:\WINDOWS\SYSTEM32\ntdll.dll
0x769c0000 - 0x76aa0000 	C:\WINDOWS\System32\KERNEL32.DLL
0x76f50000 - 0x770f1000 	C:\WINDOWS\System32\KERNELBASE.dll
0x76e80000 - 0x76ef7000 	C:\WINDOWS\System32\ADVAPI32.dll
0x760b0000 - 0x7616e000 	C:\WINDOWS\System32\msvcrt.dll
0x73d70000 - 0x73db1000 	C:\WINDOWS\System32\sechost.dll
0x75580000 - 0x75641000 	C:\WINDOWS\System32\RPCRT4.dll
0x73c40000 - 0x73c5e000 	C:\WINDOWS\System32\SspiCli.dll
0x73c30000 - 0x73c3a000 	C:\WINDOWS\System32\CRYPTBASE.dll
0x763e0000 - 0x7643a000 	C:\WINDOWS\System32\bcryptPrimitives.dll
0x75840000 - 0x7599f000 	C:\WINDOWS\System32\USER32.dll
0x75290000 - 0x752a5000 	C:\WINDOWS\System32\win32u.dll
0x75bc0000 - 0x75beb000 	C:\WINDOWS\System32\GDI32.dll
0x75420000 - 0x7557b000 	C:\WINDOWS\System32\gdi32full.dll
0x72b90000 - 0x72d9a000 	C:\WINDOWS\WinSxS\x86_microsoft.windows.common-controls_6595b64144ccf1df_6.0.14393.0_none_74bc87d3d22d9abe\COMCTL32.dll
0x759a0000 - 0x75bb1000 	C:\WINDOWS\System32\combase.dll
0x73c60000 - 0x73d40000 	C:\WINDOWS\System32\ucrtbase.dll
0x73d40000 - 0x73d65000 	C:\WINDOWS\System32\IMM32.DLL
0x5de70000 - 0x5df2f000 	E:\installed apps\Arduino 1.6.7\java\bin\msvcr100.dll
0x51340000 - 0x51705000 	E:\installed apps\Arduino 1.6.7\java\bin\client\jvm.dll
0x760a0000 - 0x760a6000 	C:\WINDOWS\System32\PSAPI.DLL
0x738a0000 - 0x738a8000 	C:\WINDOWS\SYSTEM32\WSOCK32.dll
0x75350000 - 0x753b3000 	C:\WINDOWS\System32\WS2_32.dll
0x736d0000 - 0x736f4000 	C:\WINDOWS\SYSTEM32\WINMM.dll
0x738b0000 - 0x738b8000 	C:\WINDOWS\SYSTEM32\VERSION.dll
0x73410000 - 0x73433000 	C:\WINDOWS\SYSTEM32\WINMMBASE.dll
0x76f00000 - 0x76f36000 	C:\WINDOWS\System32\cfgmgr32.dll
0x5de30000 - 0x5de61000 	E:\installed apps\Arduino 1.6.7\java\bin\splashscreen.dll
0x73750000 - 0x737c5000 	C:\WINDOWS\system32\uxtheme.dll
0x72680000 - 0x7268c000 	E:\installed apps\Arduino 1.6.7\java\bin\verify.dll
0x5de00000 - 0x5de21000 	E:\installed apps\Arduino 1.6.7\java\bin\java.dll
0x75660000 - 0x75796000 	C:\WINDOWS\System32\MSCTF.dll
0x757a0000 - 0x75833000 	C:\WINDOWS\System32\OLEAUT32.dll
0x5dde0000 - 0x5ddf3000 	E:\installed apps\Arduino 1.6.7\java\bin\zip.dll
0x75650000 - 0x7565d000 	C:\WINDOWS\System32\kernel.appcore.dll
0x73dc0000 - 0x75197000 	C:\WINDOWS\System32\SHELL32.dll
0x76450000 - 0x769be000 	C:\WINDOWS\System32\windows.storage.dll
0x76050000 - 0x76095000 	C:\WINDOWS\System32\powrprof.dll
0x76cb0000 - 0x76cf6000 	C:\WINDOWS\System32\shlwapi.dll
0x76c20000 - 0x76ca8000 	C:\WINDOWS\System32\shcore.dll
0x761d0000 - 0x761df000 	C:\WINDOWS\System32\profapi.dll
0x511f0000 - 0x51335000 	E:\installed apps\Arduino 1.6.7\java\bin\awt.dll
0x73b50000 - 0x73be2000 	C:\WINDOWS\SYSTEM32\apphelp.dll
0x73670000 - 0x7368f000 	C:\WINDOWS\system32\dwmapi.dll
0x751a0000 - 0x7528a000 	C:\WINDOWS\System32\ole32.dll
0x5dd00000 - 0x5dd39000 	E:\installed apps\Arduino 1.6.7\java\bin\fontmanager.dll
0x5ddc0000 - 0x5ddd6000 	E:\installed apps\Arduino 1.6.7\java\bin\net.dll
0x73700000 - 0x7374e000 	C:\WINDOWS\system32\mswsock.dll
0x61c00000 - 0x61c0f000 	E:\installed apps\Arduino 1.6.7\java\bin\nio.dll
0x5dcd0000 - 0x5dd00000 	E:\installed apps\Arduino 1.6.7\java\bin\t2k.dll
0x73c00000 - 0x73c2f000 	C:\WINDOWS\SYSTEM32\IPHLPAPI.DLL
0x76f40000 - 0x76f47000 	C:\WINDOWS\System32\NSI.dll
0x69110000 - 0x69123000 	C:\WINDOWS\SYSTEM32\dhcpcsvc6.DLL
0x690f0000 - 0x69104000 	C:\WINDOWS\SYSTEM32\dhcpcsvc.DLL
0x72b50000 - 0x72b63000 	C:\WINDOWS\SYSTEM32\CRYPTSP.dll
0x72b20000 - 0x72b4f000 	C:\WINDOWS\system32\rsaenh.dll
0x731c0000 - 0x731db000 	C:\WINDOWS\SYSTEM32\bcrypt.dll
0x738c0000 - 0x738da000 	C:\WINDOWS\SYSTEM32\USERENV.dll
0x26a60000 - 0x26a9d000 	C:\Users\kvng\AppData\Local\Temp\jna-3304548\jna4535040314073394815.dll
0x6d5f0000 - 0x6d66c000 	C:\WINDOWS\SYSTEM32\DNSAPI.dll
0x6d0b0000 - 0x6d0d1000 	C:\Program Files (x86)\Bonjour\mdnsNSP.dll
0x6d270000 - 0x6d278000 	C:\Windows\System32\rasadhlp.dll
0x6dea0000 - 0x6dee9000 	C:\WINDOWS\System32\fwpuclnt.dll
0x64000000 - 0x6401b000 	C:\Users\kvng\.jssc\windows\jSSC-2.8_x86.dll
0x5dc60000 - 0x5dcc9000 	E:\installed apps\Arduino 1.6.7\msvcp100.dll
0x55c60000 - 0x55d1e000 	E:\installed apps\Arduino 1.6.7\msvcr100.dll
0x25af0000 - 0x25b22000 	E:\installed apps\Arduino 1.6.7\lib\AStylej.dll
0x76350000 - 0x763d4000 	C:\WINDOWS\System32\clbcatq.dll
0x64590000 - 0x646fe000 	C:\WINDOWS\SYSTEM32\WindowsCodecs.dll
0x68460000 - 0x684a4000 	C:\WINDOWS\system32\dataexchange.dll
0x63ae0000 - 0x63d10000 	C:\WINDOWS\system32\d3d11.dll
0x639c0000 - 0x63ad3000 	C:\WINDOWS\system32\dcomp.dll
0x683d0000 - 0x68454000 	C:\WINDOWS\system32\dxgi.dll
0x638c0000 - 0x639b1000 	C:\WINDOWS\system32\twinapi.appcore.dll
0x5e5c0000 - 0x5e60e000 	C:\WINDOWS\system32\Ninput.dll
0x64be0000 - 0x64cd4000 	C:\WINDOWS\system32\GoogleInputTools.ime
0x64a90000 - 0x64bd5000 	C:\WINDOWS\system32\dbghelp.dll
0x72aa0000 - 0x72aa6000 	C:\WINDOWS\system32\MSIMG32.dll
0x685d0000 - 0x68739000 	C:\WINDOWS\WinSxS\x86_microsoft.windows.gdiplus_6595b64144ccf1df_1.1.14393.51_none_c38355ab140728f4\gdiplus.dll
0x72a70000 - 0x72a95000 	C:\WINDOWS\system32\dbgcore.DLL
0x737d0000 - 0x737f8000 	C:\WINDOWS\SYSTEM32\ntmarta.dll

VM Arguments:
jvm_args: -Dsun.java2d.d3d=false -DAPP_DIR=E:\installed apps\Arduino 1.6.7 -Xms128M -Xmx512M 
java_command: processing.app.Base E:\arduino desktop\arduino workspace\rf try\samvaram_receive\samvaram_receive.ino
java_class_path (initial): E:\installed apps\Arduino 1.6.7\lib\apple.jar;E:\installed apps\Arduino 1.6.7\lib\arduino-core.jar;E:\installed apps\Arduino 1.6.7\lib\bcpg-jdk15on-152.jar;E:\installed apps\Arduino 1.6.7\lib\bcprov-jdk15on-152.jar;E:\installed apps\Arduino 1.6.7\lib\commons-codec-1.7.jar;E:\installed apps\Arduino 1.6.7\lib\commons-compress-1.8.jar;E:\installed apps\Arduino 1.6.7\lib\commons-exec-1.1.jar;E:\installed apps\Arduino 1.6.7\lib\commons-httpclient-3.1.jar;E:\installed apps\Arduino 1.6.7\lib\commons-lang3-3.3.2.jar;E:\installed apps\Arduino 1.6.7\lib\commons-logging-1.0.4.jar;E:\installed apps\Arduino 1.6.7\lib\commons-net-3.3.jar;E:\installed apps\Arduino 1.6.7\lib\ecj.jar;E:\installed apps\Arduino 1.6.7\lib\jackson-annotations-2.6.3.jar;E:\installed apps\Arduino 1.6.7\lib\jackson-core-2.6.3.jar;E:\installed apps\Arduino 1.6.7\lib\jackson-databind-2.6.3.jar;E:\installed apps\Arduino 1.6.7\lib\jackson-module-mrbean-2.6.3.jar;E:\installed apps\Arduino 1.6.7\lib\java-semver-0.8.0.jar;E:\installed apps\Arduino 1.6.7\lib\jmdns-3.4.1.jar;E:\installed apps\Arduino 1.6.7\lib\jna-4.1.0.jar;E:\installed apps\Arduino 1.6.7\lib\jna-platform-4.1.0.jar;E:\installed apps\Arduino 1.6.7\lib\jsch-0.1.50.jar;E:\installed apps\Arduino 1.6.7\lib\jssc-2.8.0.jar;E:\installed apps\Arduino 1.6.7\lib\pde.jar;E:\installed apps\Arduino 1.6.7\lib\rsyntaxtextarea-2.5.8.1+arduino.jar
Launcher Type: SUN_STANDARD

Environment Variables:
PATH=C:\Program Files (x86)\Intel\iCLS Client\;C:\Program Files\Intel\iCLS Client\;C:\WINDOWS\system32;C:\WINDOWS;C:\WINDOWS\System32\Wbem;C:\WINDOWS\System32\WindowsPowerShell\v1.0\;C:\Program Files\Intel\Intel(R) Management Engine Components\DAL;C:\Program Files (x86)\Intel\Intel(R) Management Engine Components\DAL;C:\Program Files\Intel\Intel(R) Management Engine Components\IPT;C:\Program Files (x86)\Intel\Intel(R) Management Engine Components\IPT;C:\Program Files (x86)\Skype\Phone\;C:\Program Files\Intel\WiFi\bin\;C:\Program Files\Common Files\Intel\WirelessCommon\;E:\installed apps\MiKTeX\miktex\bin\;C:\Program Files (x86)\Microsoft SQL Server\110\Tools\Binn\;C:\Program Files\Microsoft SQL Server\110\Tools\Binn\;C:\Program Files\Microsoft SQL Server\110\DTS\Binn\;C:\Users\kvng\AppData\Local\Microsoft\WindowsApps;;E:\installed apps\Arduino 1.6.7\java\bin
USERNAME=kvng
OS=Windows_NT
PROCESSOR_IDENTIFIER=Intel64 Family 6 Model 61 Stepping 4, GenuineIntel



---------------  S Y S T E M  ---------------

OS: Windows 10.0 , 64 bit Build 14393 (10.0.14393.0)

CPU:total 4 (2 cores per cpu, 2 threads per core) family 6 model 61 stepping 4, cmov, cx8, fxsr, mmx, sse, sse2, sse3, ssse3, sse4.1, sse4.2, popcnt, avx, avx2, aes, clmul, erms, 3dnowpref, lzcnt, ht, tsc, tscinvbit, bmi1, bmi2, adx

Memory: 4k page, physical 16685464k(10499476k free), swap 19175832k(12067656k free)

vm_info: Java HotSpot(TM) Client VM (25.66-b17) for windows-x86 JRE (1.8.0_66-b17), built on Oct  6 2015 19:59:47 by "java_re" with MS VC++ 10.0 (VS2010)

time: Sun Sep 11 23:36:39 2016
elapsed time: 3096 seconds (0d 0h 51m 36s)

